# JRE version: Java(TM) SE Runtime Environment (8.0_11-b12) (build 1.8.0_11-b12)
# Java VM: Java HotSpot(TM) 64-Bit Server VM (25.11-b03 mixed mode bsd-amd64 compressed oops)
Heap:
 PSYoungGen      total 54784K, used 50473K [0x000000076ab00000, 0x000000076f980000, 0x00000007c0000000)
  eden space 50688K, 91% used [0x000000076ab00000,0x000000076d8690e0,0x000000076dc80000)
  from space 4096K, 97% used [0x000000076dc80000,0x000000076e0614a8,0x000000076e080000)
  to   space 4608K, 0% used [0x000000076f500000,0x000000076f500000,0x000000076f980000)
 ParOldGen       total 260608K, used 62371K [0x00000006c0000000, 0x00000006cfe80000, 0x000000076ab00000)
  object space 260608K, 23% used [0x00000006c0000000,0x00000006c3ce8f18,0x00000006cfe80000)
 Metaspace       used 19295K, capacity 19552K, committed 19712K, reserved 1067008K
  class space    used 2746K, capacity 2811K, committed 2816K, reserved 1048576K
GC Heap History (10 events):
Event: 2.553 GC heap before
{Heap before GC invocations=13 (full 0):
 PSYoungGen      total 22016K, used 20128K [0x000000076ab00000, 0x000000076c280000, 0x00000007c0000000)
  eden space 19968K, 100% used [0x000000076ab00000,0x000000076be80000,0x000000076be80000)
  from space 2048K, 7% used [0x000000076c080000,0x000000076c0a8000,0x000000076c280000)
  to   space 2048K, 0% used [0x000000076be80000,0x000000076be80000,0x000000076c080000)
 ParOldGen       total 260608K, used 39583K [0x00000006c0000000, 0x00000006cfe80000, 0x000000076ab00000)
  object space 260608K, 15% used [0x00000006c0000000,0x00000006c26a7f80,0x00000006cfe80000)
 Metaspace       used 12145K, capacity 12322K, committed 12544K, reserved 1060864K
  class space    used 1705K, capacity 1760K, committed 1792K, reserved 1048576K
Event: 2.557 GC heap after
Heap after GC invocations=13 (full 0):
 PSYoungGen      total 22016K, used 1691K [0x000000076ab00000, 0x000000076cf80000, 0x00000007c0000000)
  eden space 19968K, 0% used [0x000000076ab00000,0x000000076ab00000,0x000000076be80000)
  from space 2048K, 82% used [0x000000076be80000,0x000000076c026c10,0x000000076c080000)
  to   space 2560K, 0% used [0x000000076cd00000,0x000000076cd00000,0x000000076cf80000)
 ParOldGen       total 260608K, used 46944K [0x00000006c0000000, 0x00000006cfe80000, 0x000000076ab00000)
  object space 260608K, 18% used [0x00000006c0000000,0x00000006c2dd81e0,0x00000006cfe80000)
 Metaspace       used 12145K, capacity 12322K, committed 12544K, reserved 1060864K
  class space    used 1705K, capacity 1760K, committed 1792K, reserved 1048576K
}
Event: 2.793 GC heap before
{Heap before GC invocations=14 (full 0):
 PSYoungGen      total 22016K, used 21394K [0x000000076ab00000, 0x000000076cf80000, 0x00000007c0000000)
  eden space 19968K, 98% used [0x000000076ab00000,0x000000076be3de28,0x000000076be80000)
  from space 2048K, 82% used [0x000000076be80000,0x000000076c026c10,0x000000076c080000)
  to   space 2560K, 0% used [0x000000076cd00000,0x000000076cd00000,0x000000076cf80000)
 ParOldGen       total 260608K, used 46944K [0x00000006c0000000, 0x00000006cfe80000, 0x000000076ab00000)
  object space 260608K, 18% used [0x00000006c0000000,0x00000006c2dd81e0,0x00000006cfe80000)
 Metaspace       used 12328K, capacity 12486K, committed 12800K, reserved 1060864K
  class space    used 1712K, capacity 1766K, committed 1792K, reserved 1048576K
Event: 2.802 GC heap after
Heap after GC invocations=14 (full 0):
 PSYoungGen      total 34304K, used 2556K [0x000000076ab00000, 0x000000076d080000, 0x00000007c0000000)
  eden space 31744K, 0% used [0x000000076ab00000,0x000000076ab00000,0x000000076ca00000)
  from space 2560K, 99% used [0x000000076cd00000,0x000000076cf7f3b8,0x000000076cf80000)
  to   space 3072K, 0% used [0x000000076ca00000,0x000000076ca00000,0x000000076cd00000)
 ParOldGen       total 260608K, used 51991K [0x00000006c0000000, 0x00000006cfe80000, 0x000000076ab00000)
  object space 260608K, 19% used [0x00000006c0000000,0x00000006c32c5c58,0x00000006cfe80000)
 Metaspace       used 12328K, capacity 12486K, committed 12800K, reserved 1060864K
  class space    used 1712K, capacity 1766K, committed 1792K, reserved 1048576K
}
Event: 3.108 GC heap before
{Heap before GC invocations=15 (full 0):
 PSYoungGen      total 34304K, used 34300K [0x000000076ab00000, 0x000000076d080000, 0x00000007c0000000)
  eden space 31744K, 100% used [0x000000076ab00000,0x000000076ca00000,0x000000076ca00000)
  from space 2560K, 99% used [0x000000076cd00000,0x000000076cf7f3b8,0x000000076cf80000)
  to   space 3072K, 0% used [0x000000076ca00000,0x000000076ca00000,0x000000076cd00000)
 ParOldGen       total 260608K, used 51991K [0x00000006c0000000, 0x00000006cfe80000, 0x000000076ab00000)
  object space 260608K, 19% used [0x00000006c0000000,0x00000006c32c5c58,0x00000006cfe80000)
 Metaspace       used 13085K, capacity 13334K, committed 13568K, reserved 1060864K
  class space    used 1877K, capacity 1934K, committed 2048K, reserved 1048576K
Event: 3.112 GC heap after
Heap after GC invocations=15 (full 0):
 PSYoungGen      total 34816K, used 2920K [0x000000076ab00000, 0x000000076e400000, 0x00000007c0000000)
  eden space 31744K, 0% used [0x000000076ab00000,0x000000076ab00000,0x000000076ca00000)
  from space 3072K, 95% used [0x000000076ca00000,0x000000076ccda140,0x000000076cd00000)
  to   space 3584K, 0% used [0x000000076e080000,0x000000076e080000,0x000000076e400000)
 ParOldGen       total 260608K, used 54412K [0x00000006c0000000, 0x00000006cfe80000, 0x000000076ab00000)
  object space 260608K, 20% used [0x00000006c0000000,0x00000006c3523010,0x00000006cfe80000)
 Metaspace       used 13085K, capacity 13334K, committed 13568K, reserved 1060864K
  class space    used 1877K, capacity 1934K, committed 2048K, reserved 1048576K
}
Event: 54.139 GC heap before
{Heap before GC invocations=16 (full 0):
 PSYoungGen      total 34816K, used 34664K [0x000000076ab00000, 0x000000076e400000, 0x00000007c0000000)
  eden space 31744K, 100% used [0x000000076ab00000,0x000000076ca00000,0x000000076ca00000)
  from space 3072K, 95% used [0x000000076ca00000,0x000000076ccda140,0x000000076cd00000)
  to   space 3584K, 0% used [0x000000076e080000,0x000000076e080000,0x000000076e400000)
 ParOldGen       total 260608K, used 54412K [0x00000006c0000000, 0x00000006cfe80000, 0x000000076ab00000)
  object space 260608K, 20% used [0x00000006c0000000,0x00000006c3523010,0x00000006cfe80000)
 Metaspace       used 15816K, capacity 16054K, committed 16128K, reserved 1062912K
  class space    used 2238K, capacity 2286K, committed 2304K, reserved 1048576K
Event: 54.143 GC heap after
Heap after GC invocations=16 (full 0):
 PSYoungGen      total 54272K, used 3012K [0x000000076ab00000, 0x000000076e500000, 0x00000007c0000000)
  eden space 50688K, 0% used [0x000000076ab00000,0x000000076ab00000,0x000000076dc80000)
  from space 3584K, 84% used [0x000000076e080000,0x000000076e3713b0,0x000000076e400000)
  to   space 4096K, 0% used [0x000000076dc80000,0x000000076dc80000,0x000000076e080000)
 ParOldGen       total 260608K, used 57282K [0x00000006c0000000, 0x00000006cfe80000, 0x000000076ab00000)
  object space 260608K, 21% used [0x00000006c0000000,0x00000006c37f09a0,0x00000006cfe80000)
 Metaspace       used 15816K, capacity 16054K, committed 16128K, reserved 1062912K
  class space    used 2238K, capacity 2286K, committed 2304K, reserved 1048576K
}
Event: 97.335 GC heap before
{Heap before GC invocations=17 (full 0):
 PSYoungGen      total 54272K, used 49516K [0x000000076ab00000, 0x000000076e500000, 0x00000007c0000000)
  eden space 50688K, 91% used [0x000000076ab00000,0x000000076d869c50,0x000000076dc80000)
  from space 3584K, 84% used [0x000000076e080000,0x000000076e3713b0,0x000000076e400000)
  to   space 4096K, 0% used [0x000000076dc80000,0x000000076dc80000,0x000000076e080000)
 ParOldGen       total 260608K, used 57282K [0x00000006c0000000, 0x00000006cfe80000, 0x000000076ab00000)
  object space 260608K, 21% used [0x00000006c0000000,0x00000006c37f09a0,0x00000006cfe80000)
 Metaspace       used 19120K, capacity 19400K, committed 19456K, reserved 1067008K
  class space    used 2733K, capacity 2807K, committed 2816K, reserved 1048576K
Event: 97.346 GC heap after
Heap after GC invocations=17 (full 0):
 PSYoungGen      total 54784K, used 3973K [0x000000076ab00000, 0x000000076f980000, 0x00000007c0000000)
  eden space 50688K, 0% used [0x000000076ab00000,0x000000076ab00000,0x000000076dc80000)
  from space 4096K, 97% used [0x000000076dc80000,0x000000076e0614a8,0x000000076e080000)
  to   space 4608K, 0% used [0x000000076f500000,0x000000076f500000,0x000000076f980000)
 ParOldGen       total 260608K, used 62371K [0x00000006c0000000, 0x00000006cfe80000, 0x000000076ab00000)
  object space 260608K, 23% used [0x00000006c0000000,0x00000006c3ce8f18,0x00000006cfe80000)
 Metaspace       used 19120K, capacity 19400K, committed 19456K, reserved 1067008K
  class space    used 2733K, capacity 2807K, committed 2816K, reserved 1048576K
}

