# JRE version: Java(TM) SE Runtime Environment (8.0_11-b12) (build 1.8.0_11-b12)
# Java VM: Java HotSpot(TM) 64-Bit Server VM (25.11-b03 mixed mode bsd-amd64 compressed oops)
Heap:
 PSYoungGen      total 22528K, used 8904K [0x000000076ab00000, 0x000000076c580000, 0x00000007c0000000)
  eden space 18944K, 29% used [0x000000076ab00000,0x000000076b07a348,0x000000076bd80000)
  from space 3584K, 91% used [0x000000076be00000,0x000000076c138010,0x000000076c180000)
  to   space 4096K, 0% used [0x000000076c180000,0x000000076c180000,0x000000076c580000)
 ParOldGen       total 260608K, used 13430K [0x00000006c0000000, 0x00000006cfe80000, 0x000000076ab00000)
  object space 260608K, 5% used [0x00000006c0000000,0x00000006c0d1d830,0x00000006cfe80000)
 Metaspace       used 17302K, capacity 17502K, committed 17792K, reserved 1064960K
  class space    used 2516K, capacity 2596K, committed 2688K, reserved 1048576K
GC Heap History (10 events):
Event: 1.320 GC heap before
{Heap before GC invocations=9 (full 0):
 PSYoungGen      total 9216K, used 9184K [0x000000076ab00000, 0x000000076b800000, 0x00000007c0000000)
  eden space 7680K, 100% used [0x000000076ab00000,0x000000076b280000,0x000000076b280000)
  from space 1536K, 97% used [0x000000076b480000,0x000000076b5f8010,0x000000076b600000)
  to   space 2048K, 0% used [0x000000076b280000,0x000000076b280000,0x000000076b480000)
 ParOldGen       total 260608K, used 1804K [0x00000006c0000000, 0x00000006cfe80000, 0x000000076ab00000)
  object space 260608K, 0% used [0x00000006c0000000,0x00000006c01c3350,0x00000006cfe80000)
 Metaspace       used 10354K, capacity 10508K, committed 10752K, reserved 1058816K
  class space    used 1409K, capacity 1435K, committed 1536K, reserved 1048576K
Event: 1.323 GC heap after
Heap after GC invocations=9 (full 0):
 PSYoungGen      total 9728K, used 2036K [0x000000076ab00000, 0x000000076be00000, 0x00000007c0000000)
  eden space 7680K, 0% used [0x000000076ab00000,0x000000076ab00000,0x000000076b280000)
  from space 2048K, 99% used [0x000000076b280000,0x000000076b47d330,0x000000076b480000)
  to   space 3584K, 0% used [0x000000076ba80000,0x000000076ba80000,0x000000076be00000)
 ParOldGen       total 260608K, used 4544K [0x00000006c0000000, 0x00000006cfe80000, 0x000000076ab00000)
  object space 260608K, 1% used [0x00000006c0000000,0x00000006c0470370,0x00000006cfe80000)
 Metaspace       used 10354K, capacity 10508K, committed 10752K, reserved 1058816K
  class space    used 1409K, capacity 1435K, committed 1536K, reserved 1048576K
}
Event: 1.563 GC heap before
{Heap before GC invocations=10 (full 0):
 PSYoungGen      total 9728K, used 9716K [0x000000076ab00000, 0x000000076be00000, 0x00000007c0000000)
  eden space 7680K, 100% used [0x000000076ab00000,0x000000076b280000,0x000000076b280000)
  from space 2048K, 99% used [0x000000076b280000,0x000000076b47d330,0x000000076b480000)
  to   space 3584K, 0% used [0x000000076ba80000,0x000000076ba80000,0x000000076be00000)
 ParOldGen       total 260608K, used 4544K [0x00000006c0000000, 0x00000006cfe80000, 0x000000076ab00000)
  object space 260608K, 1% used [0x00000006c0000000,0x00000006c0470370,0x00000006cfe80000)
 Metaspace       used 11745K, capacity 11960K, committed 12032K, reserved 1058816K
  class space    used 1659K, capacity 1731K, committed 1792K, reserved 1048576K
Event: 1.567 GC heap after
Heap after GC invocations=10 (full 0):
 PSYoungGen      total 15872K, used 1941K [0x000000076ab00000, 0x000000076be00000, 0x00000007c0000000)
  eden space 12288K, 0% used [0x000000076ab00000,0x000000076ab00000,0x000000076b700000)
  from space 3584K, 54% used [0x000000076ba80000,0x000000076bc654b0,0x000000076be00000)
  to   space 3584K, 0% used [0x000000076b700000,0x000000076b700000,0x000000076ba80000)
 ParOldGen       total 260608K, used 5811K [0x00000006c0000000, 0x00000006cfe80000, 0x000000076ab00000)
  object space 260608K, 2% used [0x00000006c0000000,0x00000006c05acc40,0x00000006cfe80000)
 Metaspace       used 11745K, capacity 11960K, committed 12032K, reserved 1058816K
  class space    used 1659K, capacity 1731K, committed 1792K, reserved 1048576K
}
Event: 1.991 GC heap before
{Heap before GC invocations=11 (full 0):
 PSYoungGen      total 15872K, used 14229K [0x000000076ab00000, 0x000000076be00000, 0x00000007c0000000)
  eden space 12288K, 100% used [0x000000076ab00000,0x000000076b700000,0x000000076b700000)
  from space 3584K, 54% used [0x000000076ba80000,0x000000076bc654b0,0x000000076be00000)
  to   space 3584K, 0% used [0x000000076b700000,0x000000076b700000,0x000000076ba80000)
 ParOldGen       total 260608K, used 5811K [0x00000006c0000000, 0x00000006cfe80000, 0x000000076ab00000)
  object space 260608K, 2% used [0x00000006c0000000,0x00000006c05acc40,0x00000006cfe80000)
 Metaspace       used 13884K, capacity 14110K, committed 14208K, reserved 1060864K
  class space    used 1998K, capacity 2084K, committed 2176K, reserved 1048576K
Event: 1.995 GC heap after
Heap after GC invocations=11 (full 0):
 PSYoungGen      total 15872K, used 1300K [0x000000076ab00000, 0x000000076c480000, 0x00000007c0000000)
  eden space 12288K, 0% used [0x000000076ab00000,0x000000076ab00000,0x000000076b700000)
  from space 3584K, 36% used [0x000000076b700000,0x000000076b8453b0,0x000000076ba80000)
  to   space 3072K, 0% used [0x000000076c180000,0x000000076c180000,0x000000076c480000)
 ParOldGen       total 260608K, used 7632K [0x00000006c0000000, 0x00000006cfe80000, 0x000000076ab00000)
  object space 260608K, 2% used [0x00000006c0000000,0x00000006c0774180,0x00000006cfe80000)
 Metaspace       used 13884K, capacity 14110K, committed 14208K, reserved 1060864K
  class space    used 1998K, capacity 2084K, committed 2176K, reserved 1048576K
}
Event: 6.076 GC heap before
{Heap before GC invocations=12 (full 0):
 PSYoungGen      total 15872K, used 13588K [0x000000076ab00000, 0x000000076c480000, 0x00000007c0000000)
  eden space 12288K, 100% used [0x000000076ab00000,0x000000076b700000,0x000000076b700000)
  from space 3584K, 36% used [0x000000076b700000,0x000000076b8453b0,0x000000076ba80000)
  to   space 3072K, 0% used [0x000000076c180000,0x000000076c180000,0x000000076c480000)
 ParOldGen       total 260608K, used 7632K [0x00000006c0000000, 0x00000006cfe80000, 0x000000076ab00000)
  object space 260608K, 2% used [0x00000006c0000000,0x00000006c0774180,0x00000006cfe80000)
 Metaspace       used 16290K, capacity 16478K, committed 16640K, reserved 1062912K
  class space    used 2465K, capacity 2532K, committed 2560K, reserved 1048576K
Event: 6.083 GC heap after
Heap after GC invocations=12 (full 0):
 PSYoungGen      total 22528K, used 2956K [0x000000076ab00000, 0x000000076c580000, 0x00000007c0000000)
  eden space 19456K, 0% used [0x000000076ab00000,0x000000076ab00000,0x000000076be00000)
  from space 3072K, 96% used [0x000000076c180000,0x000000076c463010,0x000000076c480000)
  to   space 3584K, 0% used [0x000000076be00000,0x000000076be00000,0x000000076c180000)
 ParOldGen       total 260608K, used 9758K [0x00000006c0000000, 0x00000006cfe80000, 0x000000076ab00000)
  object space 260608K, 3% used [0x00000006c0000000,0x00000006c0987820,0x00000006cfe80000)
 Metaspace       used 16290K, capacity 16478K, committed 16640K, reserved 1062912K
  class space    used 2465K, capacity 2532K, committed 2560K, reserved 1048576K
}
Event: 812.587 GC heap before
{Heap before GC invocations=13 (full 0):
 PSYoungGen      total 22528K, used 22412K [0x000000076ab00000, 0x000000076c580000, 0x00000007c0000000)
  eden space 19456K, 100% used [0x000000076ab00000,0x000000076be00000,0x000000076be00000)
  from space 3072K, 96% used [0x000000076c180000,0x000000076c463010,0x000000076c480000)
  to   space 3584K, 0% used [0x000000076be00000,0x000000076be00000,0x000000076c180000)
 ParOldGen       total 260608K, used 9758K [0x00000006c0000000, 0x00000006cfe80000, 0x000000076ab00000)
  object space 260608K, 3% used [0x00000006c0000000,0x00000006c0987820,0x00000006cfe80000)
 Metaspace       used 17297K, capacity 17502K, committed 17792K, reserved 1064960K
  class space    used 2514K, capacity 2596K, committed 2688K, reserved 1048576K
Event: 812.595 GC heap after
Heap after GC invocations=13 (full 0):
 PSYoungGen      total 22528K, used 3296K [0x000000076ab00000, 0x000000076c580000, 0x00000007c0000000)
  eden space 18944K, 0% used [0x000000076ab00000,0x000000076ab00000,0x000000076bd80000)
  from space 3584K, 91% used [0x000000076be00000,0x000000076c138010,0x000000076c180000)
  to   space 4096K, 0% used [0x000000076c180000,0x000000076c180000,0x000000076c580000)
 ParOldGen       total 260608K, used 13430K [0x00000006c0000000, 0x00000006cfe80000, 0x000000076ab00000)
  object space 260608K, 5% used [0x00000006c0000000,0x00000006c0d1d830,0x00000006cfe80000)
 Metaspace       used 17297K, capacity 17502K, committed 17792K, reserved 1064960K
  class space    used 2514K, capacity 2596K, committed 2688K, reserved 1048576K
}

