# JRE version: Java(TM) SE Runtime Environment (8.0_25-b17) (build 1.8.0_25-b17)
# Java VM: Java HotSpot(TM) 64-Bit Server VM (25.25-b02 mixed mode bsd-amd64 compressed oops)
Heap:
 PSYoungGen      total 90624K, used 62176K [0x00000007aab00000, 0x00000007b1c80000, 0x00000007c0000000)
  eden space 70656K, 64% used [0x00000007aab00000,0x00000007ad75d1e8,0x00000007af000000)
  from space 19968K, 83% used [0x00000007b0600000,0x00000007b165b208,0x00000007b1980000)
  to   space 22528K, 0% used [0x00000007af000000,0x00000007af000000,0x00000007b0600000)
 ParOldGen       total 91648K, used 48764K [0x0000000780000000, 0x0000000785980000, 0x00000007aab00000)
  object space 91648K, 53% used [0x0000000780000000,0x0000000782f9f1e0,0x0000000785980000)
 Metaspace       used 21332K, capacity 22464K, committed 22656K, reserved 1069056K
  class space    used 2943K, capacity 3177K, committed 3200K, reserved 1048576K
GC Heap History (10 events):
Event: 2.512 GC heap before
{Heap before GC invocations=6 (full 1):
 PSYoungGen      total 35328K, used 32768K [0x00000007aab00000, 0x00000007ad000000, 0x00000007c0000000)
  eden space 32768K, 100% used [0x00000007aab00000,0x00000007acb00000,0x00000007acb00000)
  from space 2560K, 0% used [0x00000007acd80000,0x00000007acd80000,0x00000007ad000000)
  to   space 2560K, 0% used [0x00000007acb00000,0x00000007acb00000,0x00000007acd80000)
 ParOldGen       total 66560K, used 30694K [0x0000000780000000, 0x0000000784100000, 0x00000007aab00000)
  object space 66560K, 46% used [0x0000000780000000,0x0000000781df9be8,0x0000000784100000)
 Metaspace       used 13710K, capacity 14150K, committed 14464K, reserved 1060864K
  class space    used 1905K, capacity 2056K, committed 2176K, reserved 1048576K
Event: 2.530 GC heap after
Heap after GC invocations=6 (full 1):
 PSYoungGen      total 35328K, used 1883K [0x00000007aab00000, 0x00000007b0700000, 0x00000007c0000000)
  eden space 32768K, 0% used [0x00000007aab00000,0x00000007aab00000,0x00000007acb00000)
  from space 2560K, 73% used [0x00000007acb00000,0x00000007accd6c10,0x00000007acd80000)
  to   space 17408K, 0% used [0x00000007af600000,0x00000007af600000,0x00000007b0700000)
 ParOldGen       total 66560K, used 47310K [0x0000000780000000, 0x0000000784100000, 0x00000007aab00000)
  object space 66560K, 71% used [0x0000000780000000,0x0000000782e33858,0x0000000784100000)
 Metaspace       used 13710K, capacity 14150K, committed 14464K, reserved 1060864K
  class space    used 1905K, capacity 2056K, committed 2176K, reserved 1048576K
}
Event: 2.530 GC heap before
{Heap before GC invocations=7 (full 2):
 PSYoungGen      total 35328K, used 1883K [0x00000007aab00000, 0x00000007b0700000, 0x00000007c0000000)
  eden space 32768K, 0% used [0x00000007aab00000,0x00000007aab00000,0x00000007acb00000)
  from space 2560K, 73% used [0x00000007acb00000,0x00000007accd6c10,0x00000007acd80000)
  to   space 17408K, 0% used [0x00000007af600000,0x00000007af600000,0x00000007b0700000)
 ParOldGen       total 66560K, used 47310K [0x0000000780000000, 0x0000000784100000, 0x00000007aab00000)
  object space 66560K, 71% used [0x0000000780000000,0x0000000782e33858,0x0000000784100000)
 Metaspace       used 13710K, capacity 14150K, committed 14464K, reserved 1060864K
  class space    used 1905K, capacity 2056K, committed 2176K, reserved 1048576K
Event: 2.569 GC heap after
Heap after GC invocations=7 (full 2):
 PSYoungGen      total 35328K, used 0K [0x00000007aab00000, 0x00000007b0700000, 0x00000007c0000000)
  eden space 32768K, 0% used [0x00000007aab00000,0x00000007aab00000,0x00000007acb00000)
  from space 2560K, 0% used [0x00000007acb00000,0x00000007acb00000,0x00000007acd80000)
  to   space 17408K, 0% used [0x00000007af600000,0x00000007af600000,0x00000007b0700000)
 ParOldGen       total 91648K, used 42665K [0x0000000780000000, 0x0000000785980000, 0x00000007aab00000)
  object space 91648K, 46% used [0x0000000780000000,0x00000007829aa5d0,0x0000000785980000)
 Metaspace       used 13710K, capacity 14150K, committed 14464K, reserved 1060864K
  class space    used 1905K, capacity 2056K, committed 2176K, reserved 1048576K
}
Event: 2.842 GC heap before
{Heap before GC invocations=8 (full 2):
 PSYoungGen      total 35328K, used 32768K [0x00000007aab00000, 0x00000007b0700000, 0x00000007c0000000)
  eden space 32768K, 100% used [0x00000007aab00000,0x00000007acb00000,0x00000007acb00000)
  from space 2560K, 0% used [0x00000007acb00000,0x00000007acb00000,0x00000007acd80000)
  to   space 17408K, 0% used [0x00000007af600000,0x00000007af600000,0x00000007b0700000)
 ParOldGen       total 91648K, used 42665K [0x0000000780000000, 0x0000000785980000, 0x00000007aab00000)
  object space 91648K, 46% used [0x0000000780000000,0x00000007829aa5d0,0x0000000785980000)
 Metaspace       used 14225K, capacity 14748K, committed 14976K, reserved 1062912K
  class space    used 1970K, capacity 2133K, committed 2176K, reserved 1048576K
Event: 2.847 GC heap after
Heap after GC invocations=8 (full 2):
 PSYoungGen      total 59392K, used 9125K [0x00000007aab00000, 0x00000007aff00000, 0x00000007c0000000)
  eden space 50176K, 0% used [0x00000007aab00000,0x00000007aab00000,0x00000007adc00000)
  from space 9216K, 99% used [0x00000007af600000,0x00000007afee9640,0x00000007aff00000)
  to   space 17408K, 0% used [0x00000007add00000,0x00000007add00000,0x00000007aee00000)
 ParOldGen       total 91648K, used 42673K [0x0000000780000000, 0x0000000785980000, 0x00000007aab00000)
  object space 91648K, 46% used [0x0000000780000000,0x00000007829ac5d0,0x0000000785980000)
 Metaspace       used 14225K, capacity 14748K, committed 14976K, reserved 1062912K
  class space    used 1970K, capacity 2133K, committed 2176K, reserved 1048576K
}
Event: 11.344 GC heap before
{Heap before GC invocations=9 (full 2):
 PSYoungGen      total 59392K, used 59301K [0x00000007aab00000, 0x00000007aff00000, 0x00000007c0000000)
  eden space 50176K, 100% used [0x00000007aab00000,0x00000007adc00000,0x00000007adc00000)
  from space 9216K, 99% used [0x00000007af600000,0x00000007afee9640,0x00000007aff00000)
  to   space 17408K, 0% used [0x00000007add00000,0x00000007add00000,0x00000007aee00000)
 ParOldGen       total 91648K, used 42673K [0x0000000780000000, 0x0000000785980000, 0x00000007aab00000)
  object space 91648K, 46% used [0x0000000780000000,0x00000007829ac5d0,0x0000000785980000)
 Metaspace       used 19733K, capacity 20820K, committed 20992K, reserved 1067008K
  class space    used 2827K, capacity 3045K, committed 3072K, reserved 1048576K
Event: 11.367 GC heap after
Heap after GC invocations=9 (full 2):
 PSYoungGen      total 68608K, used 15299K [0x00000007aab00000, 0x00000007b1980000, 0x00000007c0000000)
  eden space 51200K, 0% used [0x00000007aab00000,0x00000007aab00000,0x00000007add00000)
  from space 17408K, 87% used [0x00000007add00000,0x00000007aebf0f00,0x00000007aee00000)
  to   space 19968K, 0% used [0x00000007b0600000,0x00000007b0600000,0x00000007b1980000)
 ParOldGen       total 91648K, used 42681K [0x0000000780000000, 0x0000000785980000, 0x00000007aab00000)
  object space 91648K, 46% used [0x0000000780000000,0x00000007829ae5d0,0x0000000785980000)
 Metaspace       used 19733K, capacity 20820K, committed 20992K, reserved 1067008K
  class space    used 2827K, capacity 3045K, committed 3072K, reserved 1048576K
}
Event: 45.507 GC heap before
{Heap before GC invocations=10 (full 2):
 PSYoungGen      total 68608K, used 66499K [0x00000007aab00000, 0x00000007b1980000, 0x00000007c0000000)
  eden space 51200K, 100% used [0x00000007aab00000,0x00000007add00000,0x00000007add00000)
  from space 17408K, 87% used [0x00000007add00000,0x00000007aebf0f00,0x00000007aee00000)
  to   space 19968K, 0% used [0x00000007b0600000,0x00000007b0600000,0x00000007b1980000)
 ParOldGen       total 91648K, used 42681K [0x0000000780000000, 0x0000000785980000, 0x00000007aab00000)
  object space 91648K, 46% used [0x0000000780000000,0x00000007829ae5d0,0x0000000785980000)
 Metaspace       used 20788K, capacity 21852K, committed 22144K, reserved 1069056K
  class space    used 2893K, capacity 3105K, committed 3200K, reserved 1048576K
Event: 45.530 GC heap after
Heap after GC invocations=10 (full 2):
 PSYoungGen      total 90624K, used 16748K [0x00000007aab00000, 0x00000007b1c80000, 0x00000007c0000000)
  eden space 70656K, 0% used [0x00000007aab00000,0x00000007aab00000,0x00000007af000000)
  from space 19968K, 83% used [0x00000007b0600000,0x00000007b165b208,0x00000007b1980000)
  to   space 22528K, 0% used [0x00000007af000000,0x00000007af000000,0x00000007b0600000)
 ParOldGen       total 91648K, used 48764K [0x0000000780000000, 0x0000000785980000, 0x00000007aab00000)
  object space 91648K, 53% used [0x0000000780000000,0x0000000782f9f1e0,0x0000000785980000)
 Metaspace       used 20788K, capacity 21852K, committed 22144K, reserved 1069056K
  class space    used 2893K, capacity 3105K, committed 3200K, reserved 1048576K
}

