# JRE version: Java(TM) SE Runtime Environment (8.0_11-b12) (build 1.8.0_11-b12)
# Java VM: Java HotSpot(TM) 64-Bit Server VM (25.11-b03 mixed mode bsd-amd64 compressed oops)
Heap:
 PSYoungGen      total 20992K, used 12345K [0x000000076ab00000, 0x000000076c300000, 0x00000007c0000000)
  eden space 19456K, 56% used [0x000000076ab00000,0x000000076b5be630,0x000000076be00000)
  from space 1536K, 87% used [0x000000076be80000,0x000000076bfd0000,0x000000076c000000)
  to   space 2560K, 0% used [0x000000076c080000,0x000000076c080000,0x000000076c300000)
 ParOldGen       total 260608K, used 16303K [0x00000006c0000000, 0x00000006cfe80000, 0x000000076ab00000)
  object space 260608K, 6% used [0x00000006c0000000,0x00000006c0febe58,0x00000006cfe80000)
 Metaspace       used 17272K, capacity 17502K, committed 17792K, reserved 1064960K
  class space    used 2516K, capacity 2596K, committed 2688K, reserved 1048576K
GC Heap History (10 events):
Event: 1.069 GC heap before
{Heap before GC invocations=9 (full 0):
 PSYoungGen      total 9216K, used 9184K [0x000000076ab00000, 0x000000076b800000, 0x00000007c0000000)
  eden space 7680K, 100% used [0x000000076ab00000,0x000000076b280000,0x000000076b280000)
  from space 1536K, 97% used [0x000000076b480000,0x000000076b5f8010,0x000000076b600000)
  to   space 2048K, 0% used [0x000000076b280000,0x000000076b280000,0x000000076b480000)
 ParOldGen       total 260608K, used 1776K [0x00000006c0000000, 0x00000006cfe80000, 0x000000076ab00000)
  object space 260608K, 0% used [0x00000006c0000000,0x00000006c01bc0a0,0x00000006cfe80000)
 Metaspace       used 10348K, capacity 10444K, committed 10752K, reserved 1058816K
  class space    used 1408K, capacity 1435K, committed 1536K, reserved 1048576K
Event: 1.074 GC heap after
Heap after GC invocations=9 (full 0):
 PSYoungGen      total 9728K, used 2036K [0x000000076ab00000, 0x000000076bc00000, 0x00000007c0000000)
  eden space 7680K, 0% used [0x000000076ab00000,0x000000076ab00000,0x000000076b280000)
  from space 2048K, 99% used [0x000000076b280000,0x000000076b47d330,0x000000076b480000)
  to   space 2560K, 0% used [0x000000076b980000,0x000000076b980000,0x000000076bc00000)
 ParOldGen       total 260608K, used 4496K [0x00000006c0000000, 0x00000006cfe80000, 0x000000076ab00000)
  object space 260608K, 1% used [0x00000006c0000000,0x00000006c04643a0,0x00000006cfe80000)
 Metaspace       used 10348K, capacity 10444K, committed 10752K, reserved 1058816K
  class space    used 1408K, capacity 1435K, committed 1536K, reserved 1048576K
}
Event: 1.259 GC heap before
{Heap before GC invocations=10 (full 0):
 PSYoungGen      total 9728K, used 9703K [0x000000076ab00000, 0x000000076bc00000, 0x00000007c0000000)
  eden space 7680K, 99% used [0x000000076ab00000,0x000000076b27c968,0x000000076b280000)
  from space 2048K, 99% used [0x000000076b280000,0x000000076b47d330,0x000000076b480000)
  to   space 2560K, 0% used [0x000000076b980000,0x000000076b980000,0x000000076bc00000)
 ParOldGen       total 260608K, used 4496K [0x00000006c0000000, 0x00000006cfe80000, 0x000000076ab00000)
  object space 260608K, 1% used [0x00000006c0000000,0x00000006c04643a0,0x00000006cfe80000)
 Metaspace       used 11730K, capacity 11960K, committed 12032K, reserved 1058816K
  class space    used 1655K, capacity 1731K, committed 1792K, reserved 1048576K
Event: 1.263 GC heap after
Heap after GC invocations=10 (full 0):
 PSYoungGen      total 14848K, used 1909K [0x000000076ab00000, 0x000000076bc00000, 0x00000007c0000000)
  eden space 12288K, 0% used [0x000000076ab00000,0x000000076ab00000,0x000000076b700000)
  from space 2560K, 74% used [0x000000076b980000,0x000000076bb5d490,0x000000076bc00000)
  to   space 2560K, 0% used [0x000000076b700000,0x000000076b700000,0x000000076b980000)
 ParOldGen       total 260608K, used 5792K [0x00000006c0000000, 0x00000006cfe80000, 0x000000076ab00000)
  object space 260608K, 2% used [0x00000006c0000000,0x00000006c05a8070,0x00000006cfe80000)
 Metaspace       used 11730K, capacity 11960K, committed 12032K, reserved 1058816K
  class space    used 1655K, capacity 1731K, committed 1792K, reserved 1048576K
}
Event: 1.607 GC heap before
{Heap before GC invocations=11 (full 0):
 PSYoungGen      total 14848K, used 14197K [0x000000076ab00000, 0x000000076bc00000, 0x00000007c0000000)
  eden space 12288K, 100% used [0x000000076ab00000,0x000000076b700000,0x000000076b700000)
  from space 2560K, 74% used [0x000000076b980000,0x000000076bb5d490,0x000000076bc00000)
  to   space 2560K, 0% used [0x000000076b700000,0x000000076b700000,0x000000076b980000)
 ParOldGen       total 260608K, used 5792K [0x00000006c0000000, 0x00000006cfe80000, 0x000000076ab00000)
  object space 260608K, 2% used [0x00000006c0000000,0x00000006c05a8070,0x00000006cfe80000)
 Metaspace       used 13819K, capacity 14014K, committed 14208K, reserved 1060864K
  class space    used 1990K, capacity 2052K, committed 2176K, reserved 1048576K
Event: 1.611 GC heap after
Heap after GC invocations=11 (full 0):
 PSYoungGen      total 14848K, used 1303K [0x000000076ab00000, 0x000000076c380000, 0x00000007c0000000)
  eden space 12288K, 0% used [0x000000076ab00000,0x000000076ab00000,0x000000076b700000)
  from space 2560K, 50% used [0x000000076b700000,0x000000076b845e40,0x000000076b980000)
  to   space 2560K, 0% used [0x000000076c100000,0x000000076c100000,0x000000076c380000)
 ParOldGen       total 260608K, used 7585K [0x00000006c0000000, 0x00000006cfe80000, 0x000000076ab00000)
  object space 260608K, 2% used [0x00000006c0000000,0x00000006c07685b0,0x00000006cfe80000)
 Metaspace       used 13819K, capacity 14014K, committed 14208K, reserved 1060864K
  class space    used 1990K, capacity 2052K, committed 2176K, reserved 1048576K
}
Event: 8.695 GC heap before
{Heap before GC invocations=12 (full 0):
 PSYoungGen      total 14848K, used 13591K [0x000000076ab00000, 0x000000076c380000, 0x00000007c0000000)
  eden space 12288K, 100% used [0x000000076ab00000,0x000000076b700000,0x000000076b700000)
  from space 2560K, 50% used [0x000000076b700000,0x000000076b845e40,0x000000076b980000)
  to   space 2560K, 0% used [0x000000076c100000,0x000000076c100000,0x000000076c380000)
 ParOldGen       total 260608K, used 7585K [0x00000006c0000000, 0x00000006cfe80000, 0x000000076ab00000)
  object space 260608K, 2% used [0x00000006c0000000,0x00000006c07685b0,0x00000006cfe80000)
 Metaspace       used 16197K, capacity 16414K, committed 16640K, reserved 1062912K
  class space    used 2457K, capacity 2532K, committed 2560K, reserved 1048576K
Event: 8.701 GC heap after
Heap after GC invocations=12 (full 0):
 PSYoungGen      total 22528K, used 1920K [0x000000076ab00000, 0x000000076c380000, 0x00000007c0000000)
  eden space 19968K, 0% used [0x000000076ab00000,0x000000076ab00000,0x000000076be80000)
  from space 2560K, 75% used [0x000000076c100000,0x000000076c2e0000,0x000000076c380000)
  to   space 2560K, 0% used [0x000000076be80000,0x000000076be80000,0x000000076c100000)
 ParOldGen       total 260608K, used 10663K [0x00000006c0000000, 0x00000006cfe80000, 0x000000076ab00000)
  object space 260608K, 4% used [0x00000006c0000000,0x00000006c0a69e38,0x00000006cfe80000)
 Metaspace       used 16197K, capacity 16414K, committed 16640K, reserved 1062912K
  class space    used 2457K, capacity 2532K, committed 2560K, reserved 1048576K
}
Event: 102.712 GC heap before
{Heap before GC invocations=13 (full 0):
 PSYoungGen      total 22528K, used 21888K [0x000000076ab00000, 0x000000076c380000, 0x00000007c0000000)
  eden space 19968K, 100% used [0x000000076ab00000,0x000000076be80000,0x000000076be80000)
  from space 2560K, 75% used [0x000000076c100000,0x000000076c2e0000,0x000000076c380000)
  to   space 2560K, 0% used [0x000000076be80000,0x000000076be80000,0x000000076c100000)
 ParOldGen       total 260608K, used 10663K [0x00000006c0000000, 0x00000006cfe80000, 0x000000076ab00000)
  object space 260608K, 4% used [0x00000006c0000000,0x00000006c0a69e38,0x00000006cfe80000)
 Metaspace       used 17265K, capacity 17502K, committed 17792K, reserved 1064960K
  class space    used 2513K, capacity 2596K, committed 2688K, reserved 1048576K
Event: 102.721 GC heap after
Heap after GC invocations=13 (full 0):
 PSYoungGen      total 20992K, used 1344K [0x000000076ab00000, 0x000000076c300000, 0x00000007c0000000)
  eden space 19456K, 0% used [0x000000076ab00000,0x000000076ab00000,0x000000076be00000)
  from space 1536K, 87% used [0x000000076be80000,0x000000076bfd0000,0x000000076c000000)
  to   space 2560K, 0% used [0x000000076c080000,0x000000076c080000,0x000000076c300000)
 ParOldGen       total 260608K, used 16303K [0x00000006c0000000, 0x00000006cfe80000, 0x000000076ab00000)
  object space 260608K, 6% used [0x00000006c0000000,0x00000006c0febe58,0x00000006cfe80000)
 Metaspace       used 17265K, capacity 17502K, committed 17792K, reserved 1064960K
  class space    used 2513K, capacity 2596K, committed 2688K, reserved 1048576K
}

