# JRE version: Java(TM) SE Runtime Environment (8.0_11-b12) (build 1.8.0_11-b12)
# Java VM: Java HotSpot(TM) 64-Bit Server VM (25.11-b03 mixed mode bsd-amd64 compressed oops)
Heap:
 PSYoungGen      total 55808K, used 31308K [0x000000076ab00000, 0x000000076eb00000, 0x00000007c0000000)
  eden space 49152K, 50% used [0x000000076ab00000,0x000000076c31a150,0x000000076db00000)
  from space 6656K, 99% used [0x000000076e280000,0x000000076e8f9268,0x000000076e900000)
  to   space 7680K, 0% used [0x000000076db00000,0x000000076db00000,0x000000076e280000)
 ParOldGen       total 260608K, used 55916K [0x00000006c0000000, 0x00000006cfe80000, 0x000000076ab00000)
  object space 260608K, 21% used [0x00000006c0000000,0x00000006c369b328,0x00000006cfe80000)
 Metaspace       used 18974K, capacity 19192K, committed 19456K, reserved 1067008K
  class space    used 2723K, capacity 2803K, committed 2816K, reserved 1048576K
GC Heap History (10 events):
Event: 1.410 GC heap before
{Heap before GC invocations=12 (full 0):
 PSYoungGen      total 14848K, used 13664K [0x000000076ab00000, 0x000000076c380000, 0x00000007c0000000)
  eden space 12288K, 100% used [0x000000076ab00000,0x000000076b700000,0x000000076b700000)
  from space 2560K, 53% used [0x000000076b700000,0x000000076b858010,0x000000076b980000)
  to   space 2560K, 0% used [0x000000076c100000,0x000000076c100000,0x000000076c380000)
 ParOldGen       total 260608K, used 29358K [0x00000006c0000000, 0x00000006cfe80000, 0x000000076ab00000)
  object space 260608K, 11% used [0x00000006c0000000,0x00000006c1cab870,0x00000006cfe80000)
 Metaspace       used 11095K, capacity 11212K, committed 11520K, reserved 1058816K
  class space    used 1459K, capacity 1499K, committed 1536K, reserved 1048576K
Event: 1.416 GC heap after
Heap after GC invocations=12 (full 0):
 PSYoungGen      total 22528K, used 160K [0x000000076ab00000, 0x000000076c380000, 0x00000007c0000000)
  eden space 19968K, 0% used [0x000000076ab00000,0x000000076ab00000,0x000000076be80000)
  from space 2560K, 6% used [0x000000076c100000,0x000000076c128000,0x000000076c380000)
  to   space 2560K, 0% used [0x000000076be80000,0x000000076be80000,0x000000076c100000)
 ParOldGen       total 260608K, used 39614K [0x00000006c0000000, 0x00000006cfe80000, 0x000000076ab00000)
  object space 260608K, 15% used [0x00000006c0000000,0x00000006c26af890,0x00000006cfe80000)
 Metaspace       used 11095K, capacity 11212K, committed 11520K, reserved 1058816K
  class space    used 1459K, capacity 1499K, committed 1536K, reserved 1048576K
}
Event: 1.633 GC heap before
{Heap before GC invocations=13 (full 0):
 PSYoungGen      total 22528K, used 20128K [0x000000076ab00000, 0x000000076c380000, 0x00000007c0000000)
  eden space 19968K, 100% used [0x000000076ab00000,0x000000076be80000,0x000000076be80000)
  from space 2560K, 6% used [0x000000076c100000,0x000000076c128000,0x000000076c380000)
  to   space 2560K, 0% used [0x000000076be80000,0x000000076be80000,0x000000076c100000)
 ParOldGen       total 260608K, used 39614K [0x00000006c0000000, 0x00000006cfe80000, 0x000000076ab00000)
  object space 260608K, 15% used [0x00000006c0000000,0x00000006c26af890,0x00000006cfe80000)
 Metaspace       used 12141K, capacity 12336K, committed 12544K, reserved 1060864K
  class space    used 1706K, capacity 1761K, committed 1792K, reserved 1048576K
Event: 1.638 GC heap after
Heap after GC invocations=13 (full 0):
 PSYoungGen      total 22528K, used 2532K [0x000000076ab00000, 0x000000076d480000, 0x00000007c0000000)
  eden space 19968K, 0% used [0x000000076ab00000,0x000000076ab00000,0x000000076be80000)
  from space 2560K, 98% used [0x000000076be80000,0x000000076c0f9220,0x000000076c100000)
  to   space 5120K, 0% used [0x000000076cf80000,0x000000076cf80000,0x000000076d480000)
 ParOldGen       total 260608K, used 46101K [0x00000006c0000000, 0x00000006cfe80000, 0x000000076ab00000)
  object space 260608K, 17% used [0x00000006c0000000,0x00000006c2d054f0,0x00000006cfe80000)
 Metaspace       used 12141K, capacity 12336K, committed 12544K, reserved 1060864K
  class space    used 1706K, capacity 1761K, committed 1792K, reserved 1048576K
}
Event: 1.827 GC heap before
{Heap before GC invocations=14 (full 0):
 PSYoungGen      total 22528K, used 22500K [0x000000076ab00000, 0x000000076d480000, 0x00000007c0000000)
  eden space 19968K, 100% used [0x000000076ab00000,0x000000076be80000,0x000000076be80000)
  from space 2560K, 98% used [0x000000076be80000,0x000000076c0f9220,0x000000076c100000)
  to   space 5120K, 0% used [0x000000076cf80000,0x000000076cf80000,0x000000076d480000)
 ParOldGen       total 260608K, used 46101K [0x00000006c0000000, 0x00000006cfe80000, 0x000000076ab00000)
  object space 260608K, 17% used [0x00000006c0000000,0x00000006c2d054f0,0x00000006cfe80000)
 Metaspace       used 12548K, capacity 12704K, committed 12928K, reserved 1060864K
  class space    used 1774K, capacity 1833K, committed 1920K, reserved 1048576K
Event: 1.835 GC heap after
Heap after GC invocations=14 (full 0):
 PSYoungGen      total 36352K, used 4410K [0x000000076ab00000, 0x000000076d680000, 0x00000007c0000000)
  eden space 31232K, 0% used [0x000000076ab00000,0x000000076ab00000,0x000000076c980000)
  from space 5120K, 86% used [0x000000076cf80000,0x000000076d3ce870,0x000000076d480000)
  to   space 6144K, 0% used [0x000000076c980000,0x000000076c980000,0x000000076cf80000)
 ParOldGen       total 260608K, used 48625K [0x00000006c0000000, 0x00000006cfe80000, 0x000000076ab00000)
  object space 260608K, 18% used [0x00000006c0000000,0x00000006c2f7c720,0x00000006cfe80000)
 Metaspace       used 12548K, capacity 12704K, committed 12928K, reserved 1060864K
  class space    used 1774K, capacity 1833K, committed 1920K, reserved 1048576K
}
Event: 7.738 GC heap before
{Heap before GC invocations=15 (full 0):
 PSYoungGen      total 36352K, used 35642K [0x000000076ab00000, 0x000000076d680000, 0x00000007c0000000)
  eden space 31232K, 100% used [0x000000076ab00000,0x000000076c980000,0x000000076c980000)
  from space 5120K, 86% used [0x000000076cf80000,0x000000076d3ce870,0x000000076d480000)
  to   space 6144K, 0% used [0x000000076c980000,0x000000076c980000,0x000000076cf80000)
 ParOldGen       total 260608K, used 48625K [0x00000006c0000000, 0x00000006cfe80000, 0x000000076ab00000)
  object space 260608K, 18% used [0x00000006c0000000,0x00000006c2f7c720,0x00000006cfe80000)
 Metaspace       used 16523K, capacity 16788K, committed 17024K, reserved 1064960K
  class space    used 2331K, capacity 2413K, committed 2432K, reserved 1048576K
Event: 7.744 GC heap after
Heap after GC invocations=15 (full 0):
 PSYoungGen      total 37376K, used 5047K [0x000000076ab00000, 0x000000076e900000, 0x00000007c0000000)
  eden space 31232K, 0% used [0x000000076ab00000,0x000000076ab00000,0x000000076c980000)
  from space 6144K, 82% used [0x000000076c980000,0x000000076ce6de50,0x000000076cf80000)
  to   space 6656K, 0% used [0x000000076e280000,0x000000076e280000,0x000000076e900000)
 ParOldGen       total 260608K, used 52939K [0x00000006c0000000, 0x00000006cfe80000, 0x000000076ab00000)
  object space 260608K, 20% used [0x00000006c0000000,0x00000006c33b2fc0,0x00000006cfe80000)
 Metaspace       used 16523K, capacity 16788K, committed 17024K, reserved 1064960K
  class space    used 2331K, capacity 2413K, committed 2432K, reserved 1048576K
}
Event: 26.338 GC heap before
{Heap before GC invocations=16 (full 0):
 PSYoungGen      total 37376K, used 35134K [0x000000076ab00000, 0x000000076e900000, 0x00000007c0000000)
  eden space 31232K, 96% used [0x000000076ab00000,0x000000076c861d98,0x000000076c980000)
  from space 6144K, 82% used [0x000000076c980000,0x000000076ce6de50,0x000000076cf80000)
  to   space 6656K, 0% used [0x000000076e280000,0x000000076e280000,0x000000076e900000)
 ParOldGen       total 260608K, used 52939K [0x00000006c0000000, 0x00000006cfe80000, 0x000000076ab00000)
  object space 260608K, 20% used [0x00000006c0000000,0x00000006c33b2fc0,0x00000006cfe80000)
 Metaspace       used 18912K, capacity 19192K, committed 19456K, reserved 1067008K
  class space    used 2722K, capacity 2803K, committed 2816K, reserved 1048576K
Event: 26.353 GC heap after
Heap after GC invocations=16 (full 0):
 PSYoungGen      total 55808K, used 6628K [0x000000076ab00000, 0x000000076eb00000, 0x00000007c0000000)
  eden space 49152K, 0% used [0x000000076ab00000,0x000000076ab00000,0x000000076db00000)
  from space 6656K, 99% used [0x000000076e280000,0x000000076e8f9268,0x000000076e900000)
  to   space 7680K, 0% used [0x000000076db00000,0x000000076db00000,0x000000076e280000)
 ParOldGen       total 260608K, used 55916K [0x00000006c0000000, 0x00000006cfe80000, 0x000000076ab00000)
  object space 260608K, 21% used [0x00000006c0000000,0x00000006c369b328,0x00000006cfe80000)
 Metaspace       used 18912K, capacity 19192K, committed 19456K, reserved 1067008K
  class space    used 2722K, capacity 2803K, committed 2816K, reserved 1048576K
}

