# JRE version: Java(TM) SE Runtime Environment (8.0_11-b12) (build 1.8.0_11-b12)
# Java VM: Java HotSpot(TM) 64-Bit Server VM (25.11-b03 mixed mode bsd-amd64 compressed oops)
Heap:
 PSYoungGen      total 71680K, used 10326K [0x000000076ab00000, 0x000000076fa80000, 0x00000007c0000000)
  eden space 65024K, 5% used [0x000000076ab00000,0x000000076aec4898,0x000000076ea80000)
  from space 6656K, 97% used [0x000000076f200000,0x000000076f8510a0,0x000000076f880000)
  to   space 7680K, 0% used [0x000000076ea80000,0x000000076ea80000,0x000000076f200000)
 ParOldGen       total 260608K, used 77937K [0x00000006c0000000, 0x00000006cfe80000, 0x000000076ab00000)
  object space 260608K, 29% used [0x00000006c0000000,0x00000006c4c1c570,0x00000006cfe80000)
 Metaspace       used 19204K, capacity 19420K, committed 19712K, reserved 1067008K
  class space    used 2738K, capacity 2809K, committed 2816K, reserved 1048576K
GC Heap History (10 events):
Event: 2.297 GC heap before
{Heap before GC invocations=14 (full 0):
 PSYoungGen      total 22016K, used 21691K [0x000000076ab00000, 0x000000076cf80000, 0x00000007c0000000)
  eden space 19968K, 100% used [0x000000076ab00000,0x000000076be80000,0x000000076be80000)
  from space 2048K, 84% used [0x000000076be80000,0x000000076c02ec10,0x000000076c080000)
  to   space 2560K, 0% used [0x000000076cd00000,0x000000076cd00000,0x000000076cf80000)
 ParOldGen       total 260608K, used 46010K [0x00000006c0000000, 0x00000006cfe80000, 0x000000076ab00000)
  object space 260608K, 17% used [0x00000006c0000000,0x00000006c2cee8f0,0x00000006cfe80000)
 Metaspace       used 12311K, capacity 12430K, committed 12544K, reserved 1060864K
  class space    used 1710K, capacity 1766K, committed 1792K, reserved 1048576K
Event: 2.302 GC heap after
Heap after GC invocations=14 (full 0):
 PSYoungGen      total 32256K, used 2544K [0x000000076ab00000, 0x000000076d480000, 0x00000007c0000000)
  eden space 29696K, 0% used [0x000000076ab00000,0x000000076ab00000,0x000000076c800000)
  from space 2560K, 99% used [0x000000076cd00000,0x000000076cf7c0d8,0x000000076cf80000)
  to   space 5120K, 0% used [0x000000076c800000,0x000000076c800000,0x000000076cd00000)
 ParOldGen       total 260608K, used 51943K [0x00000006c0000000, 0x00000006cfe80000, 0x000000076ab00000)
  object space 260608K, 19% used [0x00000006c0000000,0x00000006c32b9c58,0x00000006cfe80000)
 Metaspace       used 12311K, capacity 12430K, committed 12544K, reserved 1060864K
  class space    used 1710K, capacity 1766K, committed 1792K, reserved 1048576K
}
Event: 2.580 GC heap before
{Heap before GC invocations=15 (full 0):
 PSYoungGen      total 32256K, used 32240K [0x000000076ab00000, 0x000000076d480000, 0x00000007c0000000)
  eden space 29696K, 100% used [0x000000076ab00000,0x000000076c800000,0x000000076c800000)
  from space 2560K, 99% used [0x000000076cd00000,0x000000076cf7c0d8,0x000000076cf80000)
  to   space 5120K, 0% used [0x000000076c800000,0x000000076c800000,0x000000076cd00000)
 ParOldGen       total 260608K, used 51943K [0x00000006c0000000, 0x00000006cfe80000, 0x000000076ab00000)
  object space 260608K, 19% used [0x00000006c0000000,0x00000006c32b9c58,0x00000006cfe80000)
 Metaspace       used 12817K, capacity 12990K, committed 13184K, reserved 1060864K
  class space    used 1835K, capacity 1902K, committed 1920K, reserved 1048576K
Event: 2.584 GC heap after
Heap after GC invocations=15 (full 0):
 PSYoungGen      total 34816K, used 2451K [0x000000076ab00000, 0x000000076e380000, 0x00000007c0000000)
  eden space 29696K, 0% used [0x000000076ab00000,0x000000076ab00000,0x000000076c800000)
  from space 5120K, 47% used [0x000000076c800000,0x000000076ca64e10,0x000000076cd00000)
  to   space 5120K, 0% used [0x000000076de80000,0x000000076de80000,0x000000076e380000)
 ParOldGen       total 260608K, used 54423K [0x00000006c0000000, 0x00000006cfe80000, 0x000000076ab00000)
  object space 260608K, 20% used [0x00000006c0000000,0x00000006c3525d30,0x00000006cfe80000)
 Metaspace       used 12817K, capacity 12990K, committed 13184K, reserved 1060864K
  class space    used 1835K, capacity 1902K, committed 1920K, reserved 1048576K
}
Event: 12.222 GC heap before
{Heap before GC invocations=16 (full 0):
 PSYoungGen      total 34816K, used 32147K [0x000000076ab00000, 0x000000076e380000, 0x00000007c0000000)
  eden space 29696K, 100% used [0x000000076ab00000,0x000000076c800000,0x000000076c800000)
  from space 5120K, 47% used [0x000000076c800000,0x000000076ca64e10,0x000000076cd00000)
  to   space 5120K, 0% used [0x000000076de80000,0x000000076de80000,0x000000076e380000)
 ParOldGen       total 260608K, used 54423K [0x00000006c0000000, 0x00000006cfe80000, 0x000000076ab00000)
  object space 260608K, 20% used [0x00000006c0000000,0x00000006c3525d30,0x00000006cfe80000)
 Metaspace       used 18227K, capacity 18508K, committed 18688K, reserved 1064960K
  class space    used 2686K, capacity 2769K, committed 2816K, reserved 1048576K
Event: 12.230 GC heap after
Heap after GC invocations=16 (full 0):
 PSYoungGen      total 52224K, used 4658K [0x000000076ab00000, 0x000000076e480000, 0x00000007c0000000)
  eden space 47104K, 0% used [0x000000076ab00000,0x000000076ab00000,0x000000076d900000)
  from space 5120K, 90% used [0x000000076de80000,0x000000076e30c8b0,0x000000076e380000)
  to   space 5632K, 0% used [0x000000076d900000,0x000000076d900000,0x000000076de80000)
 ParOldGen       total 260608K, used 58660K [0x00000006c0000000, 0x00000006cfe80000, 0x000000076ab00000)
  object space 260608K, 22% used [0x00000006c0000000,0x00000006c39493a0,0x00000006cfe80000)
 Metaspace       used 18227K, capacity 18508K, committed 18688K, reserved 1064960K
  class space    used 2686K, capacity 2769K, committed 2816K, reserved 1048576K
}
Event: 51.808 GC heap before
{Heap before GC invocations=17 (full 0):
 PSYoungGen      total 52224K, used 51762K [0x000000076ab00000, 0x000000076e480000, 0x00000007c0000000)
  eden space 47104K, 100% used [0x000000076ab00000,0x000000076d900000,0x000000076d900000)
  from space 5120K, 90% used [0x000000076de80000,0x000000076e30c8b0,0x000000076e380000)
  to   space 5632K, 0% used [0x000000076d900000,0x000000076d900000,0x000000076de80000)
 ParOldGen       total 260608K, used 58660K [0x00000006c0000000, 0x00000006cfe80000, 0x000000076ab00000)
  object space 260608K, 22% used [0x00000006c0000000,0x00000006c39493a0,0x00000006cfe80000)
 Metaspace       used 19082K, capacity 19344K, committed 19456K, reserved 1067008K
  class space    used 2737K, capacity 2807K, committed 2816K, reserved 1048576K
Event: 51.822 GC heap after
Heap after GC invocations=17 (full 0):
 PSYoungGen      total 52736K, used 5220K [0x000000076ab00000, 0x000000076f880000, 0x00000007c0000000)
  eden space 47104K, 0% used [0x000000076ab00000,0x000000076ab00000,0x000000076d900000)
  from space 5632K, 92% used [0x000000076d900000,0x000000076de19268,0x000000076de80000)
  to   space 6656K, 0% used [0x000000076f200000,0x000000076f200000,0x000000076f880000)
 ParOldGen       total 260608K, used 69006K [0x00000006c0000000, 0x00000006cfe80000, 0x000000076ab00000)
  object space 260608K, 26% used [0x00000006c0000000,0x00000006c4363950,0x00000006cfe80000)
 Metaspace       used 19082K, capacity 19344K, committed 19456K, reserved 1067008K
  class space    used 2737K, capacity 2807K, committed 2816K, reserved 1048576K
}
Event: 120.170 GC heap before
{Heap before GC invocations=18 (full 0):
 PSYoungGen      total 52736K, used 52324K [0x000000076ab00000, 0x000000076f880000, 0x00000007c0000000)
  eden space 47104K, 100% used [0x000000076ab00000,0x000000076d900000,0x000000076d900000)
  from space 5632K, 92% used [0x000000076d900000,0x000000076de19268,0x000000076de80000)
  to   space 6656K, 0% used [0x000000076f200000,0x000000076f200000,0x000000076f880000)
 ParOldGen       total 260608K, used 69006K [0x00000006c0000000, 0x00000006cfe80000, 0x000000076ab00000)
  object space 260608K, 26% used [0x00000006c0000000,0x00000006c4363950,0x00000006cfe80000)
 Metaspace       used 19197K, capacity 19420K, committed 19712K, reserved 1067008K
  class space    used 2738K, capacity 2809K, committed 2816K, reserved 1048576K
Event: 120.184 GC heap after
Heap after GC invocations=18 (full 0):
 PSYoungGen      total 71680K, used 6468K [0x000000076ab00000, 0x000000076fa80000, 0x00000007c0000000)
  eden space 65024K, 0% used [0x000000076ab00000,0x000000076ab00000,0x000000076ea80000)
  from space 6656K, 97% used [0x000000076f200000,0x000000076f8510a0,0x000000076f880000)
  to   space 7680K, 0% used [0x000000076ea80000,0x000000076ea80000,0x000000076f200000)
 ParOldGen       total 260608K, used 77937K [0x00000006c0000000, 0x00000006cfe80000, 0x000000076ab00000)
  object space 260608K, 29% used [0x00000006c0000000,0x00000006c4c1c570,0x00000006cfe80000)
 Metaspace       used 19197K, capacity 19420K, committed 19712K, reserved 1067008K
  class space    used 2738K, capacity 2809K, committed 2816K, reserved 1048576K
}

