# JRE version: Java(TM) SE Runtime Environment (8.0_11-b12) (build 1.8.0_11-b12)
# Java VM: Java HotSpot(TM) 64-Bit Server VM (25.11-b03 mixed mode bsd-amd64 compressed oops)
Heap:
 PSYoungGen      total 51200K, used 18853K [0x000000076ab00000, 0x000000076f700000, 0x00000007c0000000)
  eden space 45056K, 29% used [0x000000076ab00000,0x000000076b7d82c8,0x000000076d700000)
  from space 6144K, 92% used [0x000000076d700000,0x000000076dc91268,0x000000076dd00000)
  to   space 7168K, 0% used [0x000000076f000000,0x000000076f000000,0x000000076f700000)
 ParOldGen       total 260608K, used 61627K [0x00000006c0000000, 0x00000006cfe80000, 0x000000076ab00000)
  object space 260608K, 23% used [0x00000006c0000000,0x00000006c3c2ed20,0x00000006cfe80000)
 Metaspace       used 19171K, capacity 19412K, committed 19712K, reserved 1067008K
  class space    used 2738K, capacity 2809K, committed 2816K, reserved 1048576K
GC Heap History (10 events):
Event: 1.889 GC heap before
{Heap before GC invocations=13 (full 0):
 PSYoungGen      total 21504K, used 19154K [0x000000076ab00000, 0x000000076c380000, 0x00000007c0000000)
  eden space 19456K, 97% used [0x000000076ab00000,0x000000076bd94938,0x000000076be00000)
  from space 2048K, 6% used [0x000000076c080000,0x000000076c0a0000,0x000000076c280000)
  to   space 2560K, 0% used [0x000000076be00000,0x000000076be00000,0x000000076c080000)
 ParOldGen       total 260608K, used 39627K [0x00000006c0000000, 0x00000006cfe80000, 0x000000076ab00000)
  object space 260608K, 15% used [0x00000006c0000000,0x00000006c26b2ca0,0x00000006cfe80000)
 Metaspace       used 12134K, capacity 12322K, committed 12544K, reserved 1060864K
  class space    used 1704K, capacity 1760K, committed 1792K, reserved 1048576K
Event: 1.903 GC heap after
Heap after GC invocations=13 (full 0):
 PSYoungGen      total 22016K, used 1691K [0x000000076ab00000, 0x000000076ce80000, 0x00000007c0000000)
  eden space 19456K, 0% used [0x000000076ab00000,0x000000076ab00000,0x000000076be00000)
  from space 2560K, 66% used [0x000000076be00000,0x000000076bfa6c10,0x000000076c080000)
  to   space 2560K, 0% used [0x000000076cc00000,0x000000076cc00000,0x000000076ce80000)
 ParOldGen       total 260608K, used 46050K [0x00000006c0000000, 0x00000006cfe80000, 0x000000076ab00000)
  object space 260608K, 17% used [0x00000006c0000000,0x00000006c2cf88f0,0x00000006cfe80000)
 Metaspace       used 12134K, capacity 12322K, committed 12544K, reserved 1060864K
  class space    used 1704K, capacity 1760K, committed 1792K, reserved 1048576K
}
Event: 2.192 GC heap before
{Heap before GC invocations=14 (full 0):
 PSYoungGen      total 22016K, used 21147K [0x000000076ab00000, 0x000000076ce80000, 0x00000007c0000000)
  eden space 19456K, 100% used [0x000000076ab00000,0x000000076be00000,0x000000076be00000)
  from space 2560K, 66% used [0x000000076be00000,0x000000076bfa6c10,0x000000076c080000)
  to   space 2560K, 0% used [0x000000076cc00000,0x000000076cc00000,0x000000076ce80000)
 ParOldGen       total 260608K, used 46050K [0x00000006c0000000, 0x00000006cfe80000, 0x000000076ab00000)
  object space 260608K, 17% used [0x00000006c0000000,0x00000006c2cf88f0,0x00000006cfe80000)
 Metaspace       used 12343K, capacity 12486K, committed 12800K, reserved 1060864K
  class space    used 1710K, capacity 1766K, committed 1792K, reserved 1048576K
Event: 2.197 GC heap after
Heap after GC invocations=14 (full 0):
 PSYoungGen      total 31232K, used 2555K [0x000000076ab00000, 0x000000076d380000, 0x00000007c0000000)
  eden space 28672K, 0% used [0x000000076ab00000,0x000000076ab00000,0x000000076c700000)
  from space 2560K, 99% used [0x000000076cc00000,0x000000076ce7efc0,0x000000076ce80000)
  to   space 5120K, 0% used [0x000000076c700000,0x000000076c700000,0x000000076cc00000)
 ParOldGen       total 260608K, used 52011K [0x00000006c0000000, 0x00000006cfe80000, 0x000000076ab00000)
  object space 260608K, 19% used [0x00000006c0000000,0x00000006c32cad70,0x00000006cfe80000)
 Metaspace       used 12343K, capacity 12486K, committed 12800K, reserved 1060864K
  class space    used 1710K, capacity 1766K, committed 1792K, reserved 1048576K
}
Event: 2.412 GC heap before
{Heap before GC invocations=15 (full 0):
 PSYoungGen      total 31232K, used 31227K [0x000000076ab00000, 0x000000076d380000, 0x00000007c0000000)
  eden space 28672K, 100% used [0x000000076ab00000,0x000000076c700000,0x000000076c700000)
  from space 2560K, 99% used [0x000000076cc00000,0x000000076ce7efc0,0x000000076ce80000)
  to   space 5120K, 0% used [0x000000076c700000,0x000000076c700000,0x000000076cc00000)
 ParOldGen       total 260608K, used 52011K [0x00000006c0000000, 0x00000006cfe80000, 0x000000076ab00000)
  object space 260608K, 19% used [0x00000006c0000000,0x00000006c32cad70,0x00000006cfe80000)
 Metaspace       used 12814K, capacity 12982K, committed 13184K, reserved 1060864K
  class space    used 1835K, capacity 1902K, committed 1920K, reserved 1048576K
Event: 2.420 GC heap after
Heap after GC invocations=15 (full 0):
 PSYoungGen      total 33792K, used 2451K [0x000000076ab00000, 0x000000076e200000, 0x00000007c0000000)
  eden space 28672K, 0% used [0x000000076ab00000,0x000000076ab00000,0x000000076c700000)
  from space 5120K, 47% used [0x000000076c700000,0x000000076c964e10,0x000000076cc00000)
  to   space 5120K, 0% used [0x000000076dd00000,0x000000076dd00000,0x000000076e200000)
 ParOldGen       total 260608K, used 54471K [0x00000006c0000000, 0x00000006cfe80000, 0x000000076ab00000)
  object space 260608K, 20% used [0x00000006c0000000,0x00000006c3531d30,0x00000006cfe80000)
 Metaspace       used 12814K, capacity 12982K, committed 13184K, reserved 1060864K
  class space    used 1835K, capacity 1902K, committed 1920K, reserved 1048576K
}
Event: 11.922 GC heap before
{Heap before GC invocations=16 (full 0):
 PSYoungGen      total 33792K, used 31123K [0x000000076ab00000, 0x000000076e200000, 0x00000007c0000000)
  eden space 28672K, 100% used [0x000000076ab00000,0x000000076c700000,0x000000076c700000)
  from space 5120K, 47% used [0x000000076c700000,0x000000076c964e10,0x000000076cc00000)
  to   space 5120K, 0% used [0x000000076dd00000,0x000000076dd00000,0x000000076e200000)
 ParOldGen       total 260608K, used 54471K [0x00000006c0000000, 0x00000006cfe80000, 0x000000076ab00000)
  object space 260608K, 20% used [0x00000006c0000000,0x00000006c3531d30,0x00000006cfe80000)
 Metaspace       used 17707K, capacity 17924K, committed 18304K, reserved 1064960K
  class space    used 2565K, capacity 2641K, committed 2688K, reserved 1048576K
Event: 11.934 GC heap after
Heap after GC invocations=16 (full 0):
 PSYoungGen      total 50176K, used 5118K [0x000000076ab00000, 0x000000076e400000, 0x00000007c0000000)
  eden space 45056K, 0% used [0x000000076ab00000,0x000000076ab00000,0x000000076d700000)
  from space 5120K, 99% used [0x000000076dd00000,0x000000076e1ff8c0,0x000000076e200000)
  to   space 6144K, 0% used [0x000000076d700000,0x000000076d700000,0x000000076dd00000)
 ParOldGen       total 260608K, used 57768K [0x00000006c0000000, 0x00000006cfe80000, 0x000000076ab00000)
  object space 260608K, 22% used [0x00000006c0000000,0x00000006c386a390,0x00000006cfe80000)
 Metaspace       used 17707K, capacity 17924K, committed 18304K, reserved 1064960K
  class space    used 2565K, capacity 2641K, committed 2688K, reserved 1048576K
}
Event: 51.945 GC heap before
{Heap before GC invocations=17 (full 0):
 PSYoungGen      total 50176K, used 46398K [0x000000076ab00000, 0x000000076e400000, 0x00000007c0000000)
  eden space 45056K, 91% used [0x000000076ab00000,0x000000076d350260,0x000000076d700000)
  from space 5120K, 99% used [0x000000076dd00000,0x000000076e1ff8c0,0x000000076e200000)
  to   space 6144K, 0% used [0x000000076d700000,0x000000076d700000,0x000000076dd00000)
 ParOldGen       total 260608K, used 57768K [0x00000006c0000000, 0x00000006cfe80000, 0x000000076ab00000)
  object space 260608K, 22% used [0x00000006c0000000,0x00000006c386a390,0x00000006cfe80000)
 Metaspace       used 19157K, capacity 19348K, committed 19456K, reserved 1067008K
  class space    used 2738K, capacity 2809K, committed 2816K, reserved 1048576K
Event: 51.957 GC heap after
Heap after GC invocations=17 (full 0):
 PSYoungGen      total 51200K, used 5700K [0x000000076ab00000, 0x000000076f700000, 0x00000007c0000000)
  eden space 45056K, 0% used [0x000000076ab00000,0x000000076ab00000,0x000000076d700000)
  from space 6144K, 92% used [0x000000076d700000,0x000000076dc91268,0x000000076dd00000)
  to   space 7168K, 0% used [0x000000076f000000,0x000000076f000000,0x000000076f700000)
 ParOldGen       total 260608K, used 61627K [0x00000006c0000000, 0x00000006cfe80000, 0x000000076ab00000)
  object space 260608K, 23% used [0x00000006c0000000,0x00000006c3c2ed20,0x00000006cfe80000)
 Metaspace       used 19157K, capacity 19348K, committed 19456K, reserved 1067008K
  class space    used 2738K, capacity 2809K, committed 2816K, reserved 1048576K
}

