# JRE version: Java(TM) SE Runtime Environment (8.0_25-b17) (build 1.8.0_25-b17)
# Java VM: Java HotSpot(TM) 64-Bit Server VM (25.25-b02 mixed mode bsd-amd64 compressed oops)
Heap:
 PSYoungGen      total 133120K, used 33239K [0x00000007aab00000, 0x00000007b5500000, 0x00000007c0000000)
  eden space 103424K, 15% used [0x00000007aab00000,0x00000007abb12258,0x00000007b1000000)
  from space 29696K, 56% used [0x00000007b2d00000,0x00000007b3d63cc0,0x00000007b4a00000)
  to   space 29696K, 0% used [0x00000007b1000000,0x00000007b1000000,0x00000007b2d00000)
 ParOldGen       total 105472K, used 56968K [0x0000000780000000, 0x0000000786700000, 0x00000007aab00000)
  object space 105472K, 54% used [0x0000000780000000,0x00000007837a2158,0x0000000786700000)
 Metaspace       used 21541K, capacity 22698K, committed 23040K, reserved 1069056K
  class space    used 2978K, capacity 3220K, committed 3328K, reserved 1048576K
GC Heap History (10 events):
Event: 2.467 GC heap before
{Heap before GC invocations=4 (full 1):
 PSYoungGen      total 35328K, used 2528K [0x00000007aab00000, 0x00000007af000000, 0x00000007c0000000)
  eden space 32768K, 0% used [0x00000007aab00000,0x00000007aab00000,0x00000007acb00000)
  from space 2560K, 98% used [0x00000007acb00000,0x00000007acd78010,0x00000007acd80000)
  to   space 2560K, 0% used [0x00000007aed80000,0x00000007aed80000,0x00000007af000000)
 ParOldGen       total 44032K, used 34680K [0x0000000780000000, 0x0000000782b00000, 0x00000007aab00000)
  object space 44032K, 78% used [0x0000000780000000,0x00000007821de280,0x0000000782b00000)
 Metaspace       used 10515K, capacity 10882K, committed 11264K, reserved 1058816K
  class space    used 1329K, capacity 1436K, committed 1536K, reserved 1048576K
Event: 2.510 GC heap after
Heap after GC invocations=4 (full 1):
 PSYoungGen      total 35328K, used 0K [0x00000007aab00000, 0x00000007af000000, 0x00000007c0000000)
  eden space 32768K, 0% used [0x00000007aab00000,0x00000007aab00000,0x00000007acb00000)
  from space 2560K, 0% used [0x00000007acb00000,0x00000007acb00000,0x00000007acd80000)
  to   space 2560K, 0% used [0x00000007aed80000,0x00000007aed80000,0x00000007af000000)
 ParOldGen       total 85504K, used 35612K [0x0000000780000000, 0x0000000785380000, 0x00000007aab00000)
  object space 85504K, 41% used [0x0000000780000000,0x00000007822c73d8,0x0000000785380000)
 Metaspace       used 10514K, capacity 10880K, committed 11264K, reserved 1058816K
  class space    used 1329K, capacity 1435K, committed 1536K, reserved 1048576K
}
Event: 3.139 GC heap before
{Heap before GC invocations=5 (full 1):
 PSYoungGen      total 35328K, used 32509K [0x00000007aab00000, 0x00000007af000000, 0x00000007c0000000)
  eden space 32768K, 99% used [0x00000007aab00000,0x00000007acabf610,0x00000007acb00000)
  from space 2560K, 0% used [0x00000007acb00000,0x00000007acb00000,0x00000007acd80000)
  to   space 2560K, 0% used [0x00000007aed80000,0x00000007aed80000,0x00000007af000000)
 ParOldGen       total 85504K, used 35612K [0x0000000780000000, 0x0000000785380000, 0x00000007aab00000)
  object space 85504K, 41% used [0x0000000780000000,0x00000007822c73d8,0x0000000785380000)
 Metaspace       used 12573K, capacity 12994K, committed 13184K, reserved 1060864K
  class space    used 1747K, capacity 1860K, committed 1920K, reserved 1048576K
Event: 3.159 GC heap after
Heap after GC invocations=5 (full 1):
 PSYoungGen      total 61440K, used 2503K [0x00000007aab00000, 0x00000007af000000, 0x00000007c0000000)
  eden space 58880K, 0% used [0x00000007aab00000,0x00000007aab00000,0x00000007ae480000)
  from space 2560K, 97% used [0x00000007aed80000,0x00000007aeff1ec0,0x00000007af000000)
  to   space 2560K, 0% used [0x00000007aeb00000,0x00000007aeb00000,0x00000007aed80000)
 ParOldGen       total 85504K, used 49607K [0x0000000780000000, 0x0000000785380000, 0x00000007aab00000)
  object space 85504K, 58% used [0x0000000780000000,0x0000000783071fe8,0x0000000785380000)
 Metaspace       used 12573K, capacity 12994K, committed 13184K, reserved 1060864K
  class space    used 1747K, capacity 1860K, committed 1920K, reserved 1048576K
}
Event: 10.104 GC heap before
{Heap before GC invocations=6 (full 1):
 PSYoungGen      total 61440K, used 61383K [0x00000007aab00000, 0x00000007af000000, 0x00000007c0000000)
  eden space 58880K, 100% used [0x00000007aab00000,0x00000007ae480000,0x00000007ae480000)
  from space 2560K, 97% used [0x00000007aed80000,0x00000007aeff1ec0,0x00000007af000000)
  to   space 2560K, 0% used [0x00000007aeb00000,0x00000007aeb00000,0x00000007aed80000)
 ParOldGen       total 85504K, used 49607K [0x0000000780000000, 0x0000000785380000, 0x00000007aab00000)
  object space 85504K, 58% used [0x0000000780000000,0x0000000783071fe8,0x0000000785380000)
 Metaspace       used 18158K, capacity 19154K, committed 19328K, reserved 1064960K
  class space    used 2667K, capacity 2862K, committed 2944K, reserved 1048576K
Event: 10.130 GC heap after
Heap after GC invocations=6 (full 1):
 PSYoungGen      total 68096K, used 2560K [0x00000007aab00000, 0x00000007b4a00000, 0x00000007c0000000)
  eden space 65536K, 0% used [0x00000007aab00000,0x00000007aab00000,0x00000007aeb00000)
  from space 2560K, 100% used [0x00000007aeb00000,0x00000007aed80000,0x00000007aed80000)
  to   space 29696K, 0% used [0x00000007b2d00000,0x00000007b2d00000,0x00000007b4a00000)
 ParOldGen       total 85504K, used 60952K [0x0000000780000000, 0x0000000785380000, 0x00000007aab00000)
  object space 85504K, 71% used [0x0000000780000000,0x0000000783b860c8,0x0000000785380000)
 Metaspace       used 18158K, capacity 19154K, committed 19328K, reserved 1064960K
  class space    used 2667K, capacity 2862K, committed 2944K, reserved 1048576K
}
Event: 10.130 GC heap before
{Heap before GC invocations=7 (full 2):
 PSYoungGen      total 68096K, used 2560K [0x00000007aab00000, 0x00000007b4a00000, 0x00000007c0000000)
  eden space 65536K, 0% used [0x00000007aab00000,0x00000007aab00000,0x00000007aeb00000)
  from space 2560K, 100% used [0x00000007aeb00000,0x00000007aed80000,0x00000007aed80000)
  to   space 29696K, 0% used [0x00000007b2d00000,0x00000007b2d00000,0x00000007b4a00000)
 ParOldGen       total 85504K, used 60952K [0x0000000780000000, 0x0000000785380000, 0x00000007aab00000)
  object space 85504K, 71% used [0x0000000780000000,0x0000000783b860c8,0x0000000785380000)
 Metaspace       used 18158K, capacity 19154K, committed 19328K, reserved 1064960K
  class space    used 2667K, capacity 2862K, committed 2944K, reserved 1048576K
Event: 10.198 GC heap after
Heap after GC invocations=7 (full 2):
 PSYoungGen      total 68096K, used 0K [0x00000007aab00000, 0x00000007b4a00000, 0x00000007c0000000)
  eden space 65536K, 0% used [0x00000007aab00000,0x00000007aab00000,0x00000007aeb00000)
  from space 2560K, 0% used [0x00000007aeb00000,0x00000007aeb00000,0x00000007aed80000)
  to   space 29696K, 0% used [0x00000007b2d00000,0x00000007b2d00000,0x00000007b4a00000)
 ParOldGen       total 105472K, used 56960K [0x0000000780000000, 0x0000000786700000, 0x00000007aab00000)
  object space 105472K, 54% used [0x0000000780000000,0x00000007837a0158,0x0000000786700000)
 Metaspace       used 18158K, capacity 19154K, committed 19328K, reserved 1064960K
  class space    used 2667K, capacity 2862K, committed 2944K, reserved 1048576K
}
Event: 43.448 GC heap before
{Heap before GC invocations=8 (full 2):
 PSYoungGen      total 68096K, used 65536K [0x00000007aab00000, 0x00000007b4a00000, 0x00000007c0000000)
  eden space 65536K, 100% used [0x00000007aab00000,0x00000007aeb00000,0x00000007aeb00000)
  from space 2560K, 0% used [0x00000007aeb00000,0x00000007aeb00000,0x00000007aed80000)
  to   space 29696K, 0% used [0x00000007b2d00000,0x00000007b2d00000,0x00000007b4a00000)
 ParOldGen       total 105472K, used 56960K [0x0000000780000000, 0x0000000786700000, 0x00000007aab00000)
  object space 105472K, 54% used [0x0000000780000000,0x00000007837a0158,0x0000000786700000)
 Metaspace       used 20940K, capacity 22046K, committed 22144K, reserved 1069056K
  class space    used 2923K, capacity 3142K, committed 3200K, reserved 1048576K
Event: 43.465 GC heap after
Heap after GC invocations=8 (full 2):
 PSYoungGen      total 133120K, used 16783K [0x00000007aab00000, 0x00000007b5500000, 0x00000007c0000000)
  eden space 103424K, 0% used [0x00000007aab00000,0x00000007aab00000,0x00000007b1000000)
  from space 29696K, 56% used [0x00000007b2d00000,0x00000007b3d63cc0,0x00000007b4a00000)
  to   space 29696K, 0% used [0x00000007b1000000,0x00000007b1000000,0x00000007b2d00000)
 ParOldGen       total 105472K, used 56968K [0x0000000780000000, 0x0000000786700000, 0x00000007aab00000)
  object space 105472K, 54% used [0x0000000780000000,0x00000007837a2158,0x0000000786700000)
 Metaspace       used 20940K, capacity 22046K, committed 22144K, reserved 1069056K
  class space    used 2923K, capacity 3142K, committed 3200K, reserved 1048576K
}

