# JRE version: Java(TM) SE Runtime Environment (8.0_11-b12) (build 1.8.0_11-b12)
# Java VM: Java HotSpot(TM) 64-Bit Server VM (25.11-b03 mixed mode bsd-amd64 compressed oops)
Heap:
 PSYoungGen      total 55808K, used 10249K [0x000000076ab00000, 0x000000076fc80000, 0x00000007c0000000)
  eden space 49152K, 11% used [0x000000076ab00000,0x000000076b067f70,0x000000076db00000)
  from space 6656K, 70% used [0x000000076db00000,0x000000076df9a620,0x000000076e180000)
  to   space 7168K, 0% used [0x000000076f580000,0x000000076f580000,0x000000076fc80000)
 ParOldGen       total 260608K, used 63647K [0x00000006c0000000, 0x00000006cfe80000, 0x000000076ab00000)
  object space 260608K, 24% used [0x00000006c0000000,0x00000006c3e27f18,0x00000006cfe80000)
 Metaspace       used 19590K, capacity 19770K, committed 20096K, reserved 1067008K
  class space    used 2782K, capacity 2842K, committed 2944K, reserved 1048576K
GC Heap History (10 events):
Event: 2.899 GC heap before
{Heap before GC invocations=13 (full 0):
 PSYoungGen      total 22016K, used 20096K [0x000000076ab00000, 0x000000076c280000, 0x00000007c0000000)
  eden space 19968K, 100% used [0x000000076ab00000,0x000000076be80000,0x000000076be80000)
  from space 2048K, 6% used [0x000000076c080000,0x000000076c0a0000,0x000000076c280000)
  to   space 2048K, 0% used [0x000000076be80000,0x000000076be80000,0x000000076c080000)
 ParOldGen       total 260608K, used 39587K [0x00000006c0000000, 0x00000006cfe80000, 0x000000076ab00000)
  object space 260608K, 15% used [0x00000006c0000000,0x00000006c26a8ca0,0x00000006cfe80000)
 Metaspace       used 12159K, capacity 12386K, committed 12544K, reserved 1060864K
  class space    used 1706K, capacity 1760K, committed 1792K, reserved 1048576K
Event: 2.904 GC heap after
Heap after GC invocations=13 (full 0):
 PSYoungGen      total 22016K, used 1723K [0x000000076ab00000, 0x000000076cf80000, 0x00000007c0000000)
  eden space 19968K, 0% used [0x000000076ab00000,0x000000076ab00000,0x000000076be80000)
  from space 2048K, 84% used [0x000000076be80000,0x000000076c02ec10,0x000000076c080000)
  to   space 2560K, 0% used [0x000000076cd00000,0x000000076cd00000,0x000000076cf80000)
 ParOldGen       total 260608K, used 46939K [0x00000006c0000000, 0x00000006cfe80000, 0x000000076ab00000)
  object space 260608K, 18% used [0x00000006c0000000,0x00000006c2dd6f00,0x00000006cfe80000)
 Metaspace       used 12159K, capacity 12386K, committed 12544K, reserved 1060864K
  class space    used 1706K, capacity 1760K, committed 1792K, reserved 1048576K
}
Event: 3.060 GC heap before
{Heap before GC invocations=14 (full 0):
 PSYoungGen      total 22016K, used 21415K [0x000000076ab00000, 0x000000076cf80000, 0x00000007c0000000)
  eden space 19968K, 98% used [0x000000076ab00000,0x000000076be3b2c0,0x000000076be80000)
  from space 2048K, 84% used [0x000000076be80000,0x000000076c02ec10,0x000000076c080000)
  to   space 2560K, 0% used [0x000000076cd00000,0x000000076cd00000,0x000000076cf80000)
 ParOldGen       total 260608K, used 46939K [0x00000006c0000000, 0x00000006cfe80000, 0x000000076ab00000)
  object space 260608K, 18% used [0x00000006c0000000,0x00000006c2dd6f00,0x00000006cfe80000)
 Metaspace       used 12346K, capacity 12486K, committed 12800K, reserved 1060864K
  class space    used 1712K, capacity 1766K, committed 1792K, reserved 1048576K
Event: 3.064 GC heap after
Heap after GC invocations=14 (full 0):
 PSYoungGen      total 34304K, used 2548K [0x000000076ab00000, 0x000000076d080000, 0x00000007c0000000)
  eden space 31744K, 0% used [0x000000076ab00000,0x000000076ab00000,0x000000076ca00000)
  from space 2560K, 99% used [0x000000076cd00000,0x000000076cf7d270,0x000000076cf80000)
  to   space 3072K, 0% used [0x000000076ca00000,0x000000076ca00000,0x000000076cd00000)
 ParOldGen       total 260608K, used 51962K [0x00000006c0000000, 0x00000006cfe80000, 0x000000076ab00000)
  object space 260608K, 19% used [0x00000006c0000000,0x00000006c32beac0,0x00000006cfe80000)
 Metaspace       used 12346K, capacity 12486K, committed 12800K, reserved 1060864K
  class space    used 1712K, capacity 1766K, committed 1792K, reserved 1048576K
}
Event: 3.276 GC heap before
{Heap before GC invocations=15 (full 0):
 PSYoungGen      total 34304K, used 34292K [0x000000076ab00000, 0x000000076d080000, 0x00000007c0000000)
  eden space 31744K, 100% used [0x000000076ab00000,0x000000076ca00000,0x000000076ca00000)
  from space 2560K, 99% used [0x000000076cd00000,0x000000076cf7d270,0x000000076cf80000)
  to   space 3072K, 0% used [0x000000076ca00000,0x000000076ca00000,0x000000076cd00000)
 ParOldGen       total 260608K, used 51962K [0x00000006c0000000, 0x00000006cfe80000, 0x000000076ab00000)
  object space 260608K, 19% used [0x00000006c0000000,0x00000006c32beac0,0x00000006cfe80000)
 Metaspace       used 13046K, capacity 13270K, committed 13568K, reserved 1060864K
  class space    used 1868K, capacity 1934K, committed 2048K, reserved 1048576K
Event: 3.279 GC heap after
Heap after GC invocations=15 (full 0):
 PSYoungGen      total 34816K, used 3055K [0x000000076ab00000, 0x000000076e600000, 0x00000007c0000000)
  eden space 31744K, 0% used [0x000000076ab00000,0x000000076ab00000,0x000000076ca00000)
  from space 3072K, 99% used [0x000000076ca00000,0x000000076ccfbd90,0x000000076cd00000)
  to   space 4608K, 0% used [0x000000076e180000,0x000000076e180000,0x000000076e600000)
 ParOldGen       total 260608K, used 54423K [0x00000006c0000000, 0x00000006cfe80000, 0x000000076ab00000)
  object space 260608K, 20% used [0x00000006c0000000,0x00000006c3525d30,0x00000006cfe80000)
 Metaspace       used 13046K, capacity 13270K, committed 13568K, reserved 1060864K
  class space    used 1868K, capacity 1934K, committed 2048K, reserved 1048576K
}
Event: 30.446 GC heap before
{Heap before GC invocations=16 (full 0):
 PSYoungGen      total 34816K, used 34799K [0x000000076ab00000, 0x000000076e600000, 0x00000007c0000000)
  eden space 31744K, 100% used [0x000000076ab00000,0x000000076ca00000,0x000000076ca00000)
  from space 3072K, 99% used [0x000000076ca00000,0x000000076ccfbd90,0x000000076cd00000)
  to   space 4608K, 0% used [0x000000076e180000,0x000000076e180000,0x000000076e600000)
 ParOldGen       total 260608K, used 54423K [0x00000006c0000000, 0x00000006cfe80000, 0x000000076ab00000)
  object space 260608K, 20% used [0x00000006c0000000,0x00000006c3525d30,0x00000006cfe80000)
 Metaspace       used 17934K, capacity 18122K, committed 18560K, reserved 1064960K
  class space    used 2500K, capacity 2578K, committed 2688K, reserved 1048576K
Event: 30.458 GC heap after
Heap after GC invocations=16 (full 0):
 PSYoungGen      total 53760K, used 4581K [0x000000076ab00000, 0x000000076ea00000, 0x00000007c0000000)
  eden space 49152K, 0% used [0x000000076ab00000,0x000000076ab00000,0x000000076db00000)
  from space 4608K, 99% used [0x000000076e180000,0x000000076e5f96c0,0x000000076e600000)
  to   space 6656K, 0% used [0x000000076db00000,0x000000076db00000,0x000000076e180000)
 ParOldGen       total 260608K, used 58205K [0x00000006c0000000, 0x00000006cfe80000, 0x000000076ab00000)
  object space 260608K, 22% used [0x00000006c0000000,0x00000006c38d75c0,0x00000006cfe80000)
 Metaspace       used 17934K, capacity 18122K, committed 18560K, reserved 1064960K
  class space    used 2500K, capacity 2578K, committed 2688K, reserved 1048576K
}
Event: 98.931 GC heap before
{Heap before GC invocations=17 (full 0):
 PSYoungGen      total 53760K, used 53733K [0x000000076ab00000, 0x000000076ea00000, 0x00000007c0000000)
  eden space 49152K, 100% used [0x000000076ab00000,0x000000076db00000,0x000000076db00000)
  from space 4608K, 99% used [0x000000076e180000,0x000000076e5f96c0,0x000000076e600000)
  to   space 6656K, 0% used [0x000000076db00000,0x000000076db00000,0x000000076e180000)
 ParOldGen       total 260608K, used 58205K [0x00000006c0000000, 0x00000006cfe80000, 0x000000076ab00000)
  object space 260608K, 22% used [0x00000006c0000000,0x00000006c38d75c0,0x00000006cfe80000)
 Metaspace       used 19572K, capacity 19770K, committed 20096K, reserved 1067008K
  class space    used 2781K, capacity 2842K, committed 2944K, reserved 1048576K
Event: 98.942 GC heap after
Heap after GC invocations=17 (full 0):
 PSYoungGen      total 55808K, used 4713K [0x000000076ab00000, 0x000000076fc80000, 0x00000007c0000000)
  eden space 49152K, 0% used [0x000000076ab00000,0x000000076ab00000,0x000000076db00000)
  from space 6656K, 70% used [0x000000076db00000,0x000000076df9a620,0x000000076e180000)
  to   space 7168K, 0% used [0x000000076f580000,0x000000076f580000,0x000000076fc80000)
 ParOldGen       total 260608K, used 63647K [0x00000006c0000000, 0x00000006cfe80000, 0x000000076ab00000)
  object space 260608K, 24% used [0x00000006c0000000,0x00000006c3e27f18,0x00000006cfe80000)
 Metaspace       used 19572K, capacity 19770K, committed 20096K, reserved 1067008K
  class space    used 2781K, capacity 2842K, committed 2944K, reserved 1048576K
}

