# JRE version: Java(TM) SE Runtime Environment (8.0_11-b12) (build 1.8.0_11-b12)
# Java VM: Java HotSpot(TM) 64-Bit Server VM (25.11-b03 mixed mode bsd-amd64 compressed oops)
Heap:
 PSYoungGen      total 54272K, used 16582K [0x000000076ab00000, 0x000000076e500000, 0x00000007c0000000)
  eden space 50688K, 25% used [0x000000076ab00000,0x000000076b7d9718,0x000000076dc80000)
  from space 3584K, 95% used [0x000000076e080000,0x000000076e3d82a0,0x000000076e400000)
  to   space 4096K, 0% used [0x000000076dc80000,0x000000076dc80000,0x000000076e080000)
 ParOldGen       total 260608K, used 59720K [0x00000006c0000000, 0x00000006cfe80000, 0x000000076ab00000)
  object space 260608K, 22% used [0x00000006c0000000,0x00000006c3a52160,0x00000006cfe80000)
 Metaspace       used 19008K, capacity 19264K, committed 19456K, reserved 1067008K
  class space    used 2723K, capacity 2805K, committed 2816K, reserved 1048576K
GC Heap History (10 events):
Event: 1.591 GC heap before
{Heap before GC invocations=12 (full 0):
 PSYoungGen      total 14336K, used 13632K [0x000000076ab00000, 0x000000076c280000, 0x00000007c0000000)
  eden space 12288K, 100% used [0x000000076ab00000,0x000000076b700000,0x000000076b700000)
  from space 2048K, 65% used [0x000000076b700000,0x000000076b850010,0x000000076b900000)
  to   space 2048K, 0% used [0x000000076c080000,0x000000076c080000,0x000000076c280000)
 ParOldGen       total 260608K, used 29334K [0x00000006c0000000, 0x00000006cfe80000, 0x000000076ab00000)
  object space 260608K, 11% used [0x00000006c0000000,0x00000006c1ca5b40,0x00000006cfe80000)
 Metaspace       used 11098K, capacity 11208K, committed 11520K, reserved 1058816K
  class space    used 1458K, capacity 1499K, committed 1536K, reserved 1048576K
Event: 1.597 GC heap after
Heap after GC invocations=12 (full 0):
 PSYoungGen      total 22016K, used 160K [0x000000076ab00000, 0x000000076c280000, 0x00000007c0000000)
  eden space 19968K, 0% used [0x000000076ab00000,0x000000076ab00000,0x000000076be80000)
  from space 2048K, 7% used [0x000000076c080000,0x000000076c0a8000,0x000000076c280000)
  to   space 2048K, 0% used [0x000000076be80000,0x000000076be80000,0x000000076c080000)
 ParOldGen       total 260608K, used 39582K [0x00000006c0000000, 0x00000006cfe80000, 0x000000076ab00000)
  object space 260608K, 15% used [0x00000006c0000000,0x00000006c26a7b60,0x00000006cfe80000)
 Metaspace       used 11098K, capacity 11208K, committed 11520K, reserved 1058816K
  class space    used 1458K, capacity 1499K, committed 1536K, reserved 1048576K
}
Event: 1.950 GC heap before
{Heap before GC invocations=13 (full 0):
 PSYoungGen      total 22016K, used 20128K [0x000000076ab00000, 0x000000076c280000, 0x00000007c0000000)
  eden space 19968K, 100% used [0x000000076ab00000,0x000000076be80000,0x000000076be80000)
  from space 2048K, 7% used [0x000000076c080000,0x000000076c0a8000,0x000000076c280000)
  to   space 2048K, 0% used [0x000000076be80000,0x000000076be80000,0x000000076c080000)
 ParOldGen       total 260608K, used 39582K [0x00000006c0000000, 0x00000006cfe80000, 0x000000076ab00000)
  object space 260608K, 15% used [0x00000006c0000000,0x00000006c26a7b60,0x00000006cfe80000)
 Metaspace       used 12146K, capacity 12332K, committed 12544K, reserved 1060864K
  class space    used 1705K, capacity 1761K, committed 1792K, reserved 1048576K
Event: 1.955 GC heap after
Heap after GC invocations=13 (full 0):
 PSYoungGen      total 22016K, used 1723K [0x000000076ab00000, 0x000000076cf80000, 0x00000007c0000000)
  eden space 19968K, 0% used [0x000000076ab00000,0x000000076ab00000,0x000000076be80000)
  from space 2048K, 84% used [0x000000076be80000,0x000000076c02ec10,0x000000076c080000)
  to   space 2560K, 0% used [0x000000076cd00000,0x000000076cd00000,0x000000076cf80000)
 ParOldGen       total 260608K, used 46943K [0x00000006c0000000, 0x00000006cfe80000, 0x000000076ab00000)
  object space 260608K, 18% used [0x00000006c0000000,0x00000006c2dd7dc0,0x00000006cfe80000)
 Metaspace       used 12146K, capacity 12332K, committed 12544K, reserved 1060864K
  class space    used 1705K, capacity 1761K, committed 1792K, reserved 1048576K
}
Event: 2.130 GC heap before
{Heap before GC invocations=14 (full 0):
 PSYoungGen      total 22016K, used 21691K [0x000000076ab00000, 0x000000076cf80000, 0x00000007c0000000)
  eden space 19968K, 100% used [0x000000076ab00000,0x000000076be80000,0x000000076be80000)
  from space 2048K, 84% used [0x000000076be80000,0x000000076c02ec10,0x000000076c080000)
  to   space 2560K, 0% used [0x000000076cd00000,0x000000076cd00000,0x000000076cf80000)
 ParOldGen       total 260608K, used 46943K [0x00000006c0000000, 0x00000006cfe80000, 0x000000076ab00000)
  object space 260608K, 18% used [0x00000006c0000000,0x00000006c2dd7dc0,0x00000006cfe80000)
 Metaspace       used 12388K, capacity 12540K, committed 12928K, reserved 1060864K
  class space    used 1736K, capacity 1801K, committed 1920K, reserved 1048576K
Event: 2.134 GC heap after
Heap after GC invocations=14 (full 0):
 PSYoungGen      total 34304K, used 2514K [0x000000076ab00000, 0x000000076d080000, 0x00000007c0000000)
  eden space 31744K, 0% used [0x000000076ab00000,0x000000076ab00000,0x000000076ca00000)
  from space 2560K, 98% used [0x000000076cd00000,0x000000076cf749b0,0x000000076cf80000)
  to   space 3072K, 0% used [0x000000076ca00000,0x000000076ca00000,0x000000076cd00000)
 ParOldGen       total 260608K, used 50338K [0x00000006c0000000, 0x00000006cfe80000, 0x000000076ab00000)
  object space 260608K, 19% used [0x00000006c0000000,0x00000006c3128890,0x00000006cfe80000)
 Metaspace       used 12388K, capacity 12540K, committed 12928K, reserved 1060864K
  class space    used 1736K, capacity 1801K, committed 1920K, reserved 1048576K
}
Event: 7.052 GC heap before
{Heap before GC invocations=15 (full 0):
 PSYoungGen      total 34304K, used 34258K [0x000000076ab00000, 0x000000076d080000, 0x00000007c0000000)
  eden space 31744K, 100% used [0x000000076ab00000,0x000000076ca00000,0x000000076ca00000)
  from space 2560K, 98% used [0x000000076cd00000,0x000000076cf749b0,0x000000076cf80000)
  to   space 3072K, 0% used [0x000000076ca00000,0x000000076ca00000,0x000000076cd00000)
 ParOldGen       total 260608K, used 50338K [0x00000006c0000000, 0x00000006cfe80000, 0x000000076ab00000)
  object space 260608K, 19% used [0x00000006c0000000,0x00000006c3128890,0x00000006cfe80000)
 Metaspace       used 15727K, capacity 15906K, committed 16128K, reserved 1062912K
  class space    used 2232K, capacity 2282K, committed 2304K, reserved 1048576K
Event: 7.059 GC heap after
Heap after GC invocations=15 (full 0):
 PSYoungGen      total 34816K, used 3069K [0x000000076ab00000, 0x000000076e400000, 0x00000007c0000000)
  eden space 31744K, 0% used [0x000000076ab00000,0x000000076ab00000,0x000000076ca00000)
  from space 3072K, 99% used [0x000000076ca00000,0x000000076ccff6e0,0x000000076cd00000)
  to   space 3584K, 0% used [0x000000076e080000,0x000000076e080000,0x000000076e400000)
 ParOldGen       total 260608K, used 53700K [0x00000006c0000000, 0x00000006cfe80000, 0x000000076ab00000)
  object space 260608K, 20% used [0x00000006c0000000,0x00000006c3471260,0x00000006cfe80000)
 Metaspace       used 15727K, capacity 15906K, committed 16128K, reserved 1062912K
  class space    used 2232K, capacity 2282K, committed 2304K, reserved 1048576K
}
Event: 29.384 GC heap before
{Heap before GC invocations=16 (full 0):
 PSYoungGen      total 34816K, used 34813K [0x000000076ab00000, 0x000000076e400000, 0x00000007c0000000)
  eden space 31744K, 100% used [0x000000076ab00000,0x000000076ca00000,0x000000076ca00000)
  from space 3072K, 99% used [0x000000076ca00000,0x000000076ccff6e0,0x000000076cd00000)
  to   space 3584K, 0% used [0x000000076e080000,0x000000076e080000,0x000000076e400000)
 ParOldGen       total 260608K, used 53700K [0x00000006c0000000, 0x00000006cfe80000, 0x000000076ab00000)
  object space 260608K, 20% used [0x00000006c0000000,0x00000006c3471260,0x00000006cfe80000)
 Metaspace       used 18911K, capacity 19124K, committed 19456K, reserved 1067008K
  class space    used 2721K, capacity 2803K, committed 2816K, reserved 1048576K
Event: 29.394 GC heap after
Heap after GC invocations=16 (full 0):
 PSYoungGen      total 54272K, used 3424K [0x000000076ab00000, 0x000000076e500000, 0x00000007c0000000)
  eden space 50688K, 0% used [0x000000076ab00000,0x000000076ab00000,0x000000076dc80000)
  from space 3584K, 95% used [0x000000076e080000,0x000000076e3d82a0,0x000000076e400000)
  to   space 4096K, 0% used [0x000000076dc80000,0x000000076dc80000,0x000000076e080000)
 ParOldGen       total 260608K, used 59720K [0x00000006c0000000, 0x00000006cfe80000, 0x000000076ab00000)
  object space 260608K, 22% used [0x00000006c0000000,0x00000006c3a52160,0x00000006cfe80000)
 Metaspace       used 18911K, capacity 19124K, committed 19456K, reserved 1067008K
  class space    used 2721K, capacity 2803K, committed 2816K, reserved 1048576K
}

